[17:07:57 - main] [GUI.java:1156] [INFO] - > Starting COOJA
[17:07:57 - main] [GUI.java:2660] [INFO] - External tools default settings: /external_tools_linux.config
[17:07:57 - main] [GUI.java:2690] [INFO] - External tools user settings: /home/alex/.cooja.user.properties
[17:07:57 - main] [Simulation.java:409] [INFO] - Simulation random seed: 123456
[17:07:57 - main] [CompileContiki.java:131] [INFO] - > make server.sky TARGET=sky 
[17:07:57 - main] [CompileContiki.java:131] [INFO] - > make app.sky TARGET=sky 
[17:07:58 - main] [MspMote.java:258] [INFO] - Loading firmware from: /home/alex/scm/ocram/applications/contiki/coap-client/native/server.sky
[17:07:59 - main] [MspMote.java:258] [INFO] - Loading firmware from: /home/alex/scm/ocram/applications/contiki/coap-client/native/app.sky
[17:08:01 - main] [GUI.java:1599] [INFO] - Visualized plugin was not started: class se.sics.cooja.plugins.SimControl
[17:08:01 - main] [GUI.java:1599] [INFO] - Visualized plugin was not started: class se.sics.cooja.plugins.Visualizer
[17:08:01 - main] [GUI.java:1599] [INFO] - Visualized plugin was not started: class se.sics.cooja.plugins.LogListener
[17:08:01 - main] [GUI.java:1599] [INFO] - Visualized plugin was not started: class se.sics.cooja.plugins.RadioLogger
[17:08:01 - main] [OcramCoojaPlugin.java:78] [INFO] - loading Ocram Cooja Plugin...
[17:08:01 - main] [OcramCoojaPlugin.java:191] [INFO] - logfile open: /home/alex/scm/ocram/applications/contiki/coap-client/native/OcramCooja.log
[17:08:01 - main] [OcramCoojaPlugin.java:191] [INFO] - md5 sum of /home/alex/scm/ocram/applications/contiki/coap-client/native/app.sky: 7de653cb1365f93fdacf5b9e5db844a0
[17:08:01 - main] [OcramCoojaPlugin.java:191] [INFO] - random seed: 123456
[17:08:01 - main] [OcramCoojaPlugin.java:171] [INFO] - Ocram Cooja Plugin loaded.
[17:08:01 - main] [ScriptRunner.java:343] [INFO] - Test script activated
[17:08:01 - Thread-2] [Simulation.java:243] [INFO] - Simulation main loop started, system time: 1328720881697
[17:08:02 - Thread-2] [OcramCoojaPlugin.java:191] [INFO] - cycle monitor action: 0x0, 439
[17:08:02 - Thread-2] [OcramCoojaPlugin.java:191] [INFO] - max stack size: 24
[17:08:02 - Thread-2] [OcramCoojaPlugin.java:191] [INFO] - max stack size: 26
[17:08:02 - Thread-2] [OcramCoojaPlugin.java:191] [INFO] - max stack size: 28
[17:08:02 - Thread-2] [OcramCoojaPlugin.java:191] [INFO] - max stack size: 30
[17:08:03 - Thread-2] [OcramCoojaPlugin.java:191] [INFO] - max stack size: 32
[17:08:03 - Thread-2] [OcramCoojaPlugin.java:191] [INFO] - max stack size: 34
[17:08:03 - Thread-2] [OcramCoojaPlugin.java:191] [INFO] - max stack size: 36
[17:08:03 - Thread-2] [OcramCoojaPlugin.java:191] [INFO] - max stack size: 38
[17:08:03 - Thread-2] [OcramCoojaPlugin.java:191] [INFO] - max stack size: 40
[17:08:03 - Thread-2] [OcramCoojaPlugin.java:191] [INFO] - max stack size: 42
[17:08:03 - Thread-2] [OcramCoojaPlugin.java:191] [INFO] - max stack size: 44
[17:08:03 - Thread-2] [OcramCoojaPlugin.java:191] [INFO] - max stack size: 46
[17:08:03 - Thread-2] [OcramCoojaPlugin.java:191] [INFO] - max stack size: 48
[17:08:03 - Thread-2] [OcramCoojaPlugin.java:191] [INFO] - max stack size: 50
[17:08:03 - Thread-2] [OcramCoojaPlugin.java:191] [INFO] - max stack size: 52
[17:08:03 - Thread-2] [OcramCoojaPlugin.java:191] [INFO] - cycle monitor action: 0x0, 783485
[17:08:03 - Thread-2] [OcramCoojaPlugin.java:191] [INFO] - cycle monitor action: 0x1130, 783569
[17:08:03 - Thread-2] [OcramCoojaPlugin.java:191] [INFO] - cycle monitor action: 0x0, 783661
[17:08:03 - Thread-2] [OcramCoojaPlugin.java:191] [INFO] - cycle monitor action: 0x113e, 783782
[17:08:03 - Thread-2] [OcramCoojaPlugin.java:191] [INFO] - cycle monitor action: 0x0, 783893
[17:08:03 - Thread-2] [OcramCoojaPlugin.java:191] [INFO] - cycle monitor action: 0x11ea, 784006
[17:08:03 - Thread-2] [OcramCoojaPlugin.java:191] [INFO] - cycle monitor action: 0x0, 784171
[17:08:03 - Thread-2] [OcramCoojaPlugin.java:191] [INFO] - max stack size: 54
[17:08:03 - Thread-2] [OcramCoojaPlugin.java:191] [INFO] - max stack size: 56
[17:08:03 - Thread-2] [OcramCoojaPlugin.java:191] [INFO] - max stack size: 58
[17:08:03 - Thread-2] [OcramCoojaPlugin.java:191] [INFO] - max stack size: 118
[17:08:03 - Thread-2] [OcramCoojaPlugin.java:191] [INFO] - max stack size: 120
[17:08:03 - Thread-2] [OcramCoojaPlugin.java:191] [INFO] - max stack size: 122
[17:08:03 - Thread-2] [OcramCoojaPlugin.java:191] [INFO] - max stack size: 124
[17:08:03 - Thread-2] [OcramCoojaPlugin.java:191] [INFO] - max stack size: 126
[17:08:03 - Thread-2] [OcramCoojaPlugin.java:191] [INFO] - max stack size: 128
[17:08:03 - Thread-2] [OcramCoojaPlugin.java:191] [INFO] - max stack size: 130
[17:08:03 - Thread-2] [OcramCoojaPlugin.java:191] [INFO] - max stack size: 132
[17:08:03 - Thread-2] [OcramCoojaPlugin.java:191] [INFO] - max stack size: 134
[17:08:03 - Thread-2] [OcramCoojaPlugin.java:191] [INFO] - max stack size: 136
[17:08:03 - Thread-2] [OcramCoojaPlugin.java:191] [INFO] - log output: 499981: 3: Rime started with address 0.18.116.3.0.3.3.3
[17:08:03 - Thread-2] [OcramCoojaPlugin.java:191] [INFO] - cycle monitor action: 0x11f4, 818425
[17:08:03 - Thread-2] [OcramCoojaPlugin.java:191] [INFO] - cycle monitor action: 0x0, 818497
[17:08:03 - Thread-2] [OcramCoojaPlugin.java:191] [INFO] - max stack size: 138
[17:08:03 - Thread-2] [OcramCoojaPlugin.java:191] [INFO] - max stack size: 140
[17:08:03 - Thread-2] [OcramCoojaPlugin.java:191] [INFO] - log output: 510496: 3: MAC 00:12:74:03:00:03:03:03 Contiki 2.5 started. Node id is set to 3.
[17:08:03 - Thread-2] [OcramCoojaPlugin.java:191] [INFO] - cycle monitor action: 0x1166, 894761
[17:08:03 - Thread-2] [OcramCoojaPlugin.java:191] [INFO] - log output: 521500: 3: CSMA nullrdc, channel check rate 128 Hz, radio channel 26
[17:08:03 - Thread-2] [OcramCoojaPlugin.java:191] [INFO] - cycle monitor action: 0x113e, 913408
[17:08:03 - Thread-2] [OcramCoojaPlugin.java:191] [INFO] - cycle monitor action: 0x1166, 913721
[17:08:03 - Thread-2] [OcramCoojaPlugin.java:191] [INFO] - cycle monitor action: 0x0, 915193
[17:08:03 - Thread-2] [OcramCoojaPlugin.java:191] [INFO] - max stack size: 142
[17:08:03 - Thread-2] [OcramCoojaPlugin.java:191] [INFO] - max stack size: 144
[17:08:03 - Thread-2] [OcramCoojaPlugin.java:191] [INFO] - max stack size: 146
[17:08:03 - Thread-2] [OcramCoojaPlugin.java:191] [INFO] - max stack size: 148
[17:08:03 - Thread-2] [OcramCoojaPlugin.java:191] [INFO] - log output: 538691: 3: Tentative link-local IPv6 address fe80:0000:0000:0000:0212:7403:0003:0303
[17:08:03 - Thread-2] [OcramCoojaPlugin.java:191] [INFO] - cycle monitor action: 0x1100, 968300
[17:08:03 - Thread-2] [OcramCoojaPlugin.java:191] [INFO] - max stack size: 158
[17:08:03 - Thread-2] [OcramCoojaPlugin.java:191] [INFO] - max stack size: 160
[17:08:03 - Thread-2] [OcramCoojaPlugin.java:191] [INFO] - max stack size: 162
[17:08:03 - Thread-2] [OcramCoojaPlugin.java:191] [INFO] - max stack size: 164
[17:08:03 - Thread-2] [OcramCoojaPlugin.java:191] [INFO] - max stack size: 166
[17:08:03 - Thread-2] [OcramCoojaPlugin.java:191] [INFO] - log output: 540342: 3: Starting 'COAP Client'
[17:08:03 - Thread-2] [OcramCoojaPlugin.java:191] [INFO] - max stack size: 168
[17:08:03 - Thread-2] [OcramCoojaPlugin.java:191] [INFO] - max stack size: 170
[17:08:03 - Thread-2] [OcramCoojaPlugin.java:191] [INFO] - max stack size: 172
[17:08:03 - Thread-2] [OcramCoojaPlugin.java:191] [INFO] - max stack size: 174
[17:08:03 - Thread-2] [OcramCoojaPlugin.java:191] [INFO] - cycle monitor action: 0x1182, 980336
[17:08:03 - Thread-2] [OcramCoojaPlugin.java:191] [INFO] - log output: 543405: 3: thread address: -1: 0x1100
[17:08:03 - Thread-2] [OcramCoojaPlugin.java:191] [INFO] - cycle monitor action: 0x1100, 981553
[17:08:03 - Thread-2] [OcramCoojaPlugin.java:191] [INFO] - cycle monitor action: 0x0, 982087
[17:08:03 - Thread-2] [OcramCoojaPlugin.java:191] [INFO] - cycle monitor action: 0x1130, 982333
[17:08:04 - Thread-2] [OcramCoojaPlugin.java:191] [INFO] - cycle monitor action: 0x1130, 1259827
[17:08:04 - Thread-2] [OcramCoojaPlugin.java:191] [INFO] - cycle monitor action: 0x1166, 1260763
[17:08:04 - Thread-2] [OcramCoojaPlugin.java:191] [INFO] - cycle monitor action: 0x1130, 1261766
[17:08:04 - Thread-2] [OcramCoojaPlugin.java:191] [INFO] - log output: 645903: 2: Rime started with address 0.18.116.2.0.2.2.2
[17:08:04 - Thread-2] [OcramCoojaPlugin.java:191] [INFO] - log output: 656414: 2: MAC 00:12:74:02:00:02:02:02 Contiki 2.5 started. Node id is set to 2.
[17:08:04 - Thread-2] [OcramCoojaPlugin.java:191] [INFO] - log output: 667418: 2: CSMA nullrdc, channel check rate 128 Hz, radio channel 26
[17:08:04 - Thread-2] [OcramCoojaPlugin.java:191] [INFO] - log output: 684613: 2: Tentative link-local IPv6 address fe80:0000:0000:0000:0212:7402:0002:0202
[17:08:04 - Thread-2] [OcramCoojaPlugin.java:191] [INFO] - log output: 686265: 2: Starting 'Rest Server'
[17:08:04 - Thread-2] [OcramCoojaPlugin.java:191] [INFO] - log output: 687082: 2: Rest Server
[17:08:04 - Thread-2] [OcramCoojaPlugin.java:191] [INFO] - log output: 688972: 2: REST max chunk: 64
[17:08:04 - Thread-2] [OcramCoojaPlugin.java:191] [INFO] - cycle monitor action: 0x1130, 1625843
[17:08:04 - Thread-2] [OcramCoojaPlugin.java:191] [INFO] - cycle monitor action: 0x1166, 1626627
[17:08:04 - Thread-2] [OcramCoojaPlugin.java:191] [INFO] - cycle monitor action: 0x1130, 1627630
[17:08:04 - Thread-2] [OcramCoojaPlugin.java:191] [INFO] - cycle monitor action: 0x1130, 1991860
[17:08:04 - Thread-2] [OcramCoojaPlugin.java:191] [INFO] - cycle monitor action: 0x1166, 1992644
[17:08:04 - Thread-2] [OcramCoojaPlugin.java:191] [INFO] - cycle monitor action: 0x1130, 1993647
[17:08:04 - Thread-2] [OcramCoojaPlugin.java:191] [INFO] - cycle monitor action: 0x1130, 2357876
[17:08:04 - Thread-2] [OcramCoojaPlugin.java:191] [INFO] - cycle monitor action: 0x1166, 2358660
[17:08:04 - Thread-2] [OcramCoojaPlugin.java:191] [INFO] - cycle monitor action: 0x1130, 2359663
[17:08:04 - Thread-2] [OcramCoojaPlugin.java:191] [INFO] - cycle monitor action: 0x1130, 2723892
[17:08:04 - Thread-2] [OcramCoojaPlugin.java:191] [INFO] - cycle monitor action: 0x1166, 2724676
[17:08:04 - Thread-2] [OcramCoojaPlugin.java:191] [INFO] - cycle monitor action: 0x1130, 2725681
[17:08:04 - Thread-2] [OcramCoojaPlugin.java:191] [INFO] - cycle monitor action: 0x1130, 2845897
[17:08:04 - Thread-2] [OcramCoojaPlugin.java:191] [INFO] - cycle monitor action: 0x1166, 2846900
[17:08:04 - Thread-2] [OcramCoojaPlugin.java:191] [INFO] - cycle monitor action: 0x1130, 3089908
[17:08:04 - Thread-2] [OcramCoojaPlugin.java:191] [INFO] - cycle monitor action: 0x1166, 3090590
[17:08:04 - Thread-2] [OcramCoojaPlugin.java:191] [INFO] - cycle monitor action: 0x1130, 3091568
[17:08:04 - Thread-2] [OcramCoojaPlugin.java:191] [INFO] - cycle monitor action: 0x1130, 3455924
[17:08:04 - Thread-2] [OcramCoojaPlugin.java:191] [INFO] - cycle monitor action: 0x1166, 3456606
[17:08:04 - Thread-2] [OcramCoojaPlugin.java:191] [INFO] - cycle monitor action: 0x1130, 3457584
[17:08:04 - Thread-2] [OcramCoojaPlugin.java:191] [INFO] - cycle monitor action: 0x1130, 3821941
[17:08:04 - Thread-2] [OcramCoojaPlugin.java:191] [INFO] - cycle monitor action: 0x1166, 3822623
[17:08:04 - Thread-2] [OcramCoojaPlugin.java:191] [INFO] - cycle monitor action: 0x1130, 3823601
[17:08:04 - Thread-2] [OcramCoojaPlugin.java:191] [INFO] - cycle monitor action: 0x1130, 4187957
[17:08:04 - Thread-2] [OcramCoojaPlugin.java:191] [INFO] - cycle monitor action: 0x1166, 4188639
[17:08:04 - Thread-2] [OcramCoojaPlugin.java:191] [INFO] - cycle monitor action: 0x1130, 4189617
[17:08:04 - Thread-2] [OcramCoojaPlugin.java:191] [INFO] - cycle monitor action: 0x1130, 4553973
[17:08:04 - Thread-2] [OcramCoojaPlugin.java:191] [INFO] - cycle monitor action: 0x1166, 4554655
[17:08:04 - Thread-2] [OcramCoojaPlugin.java:191] [INFO] - cycle monitor action: 0x1130, 4555635
[17:08:04 - Thread-2] [OcramCoojaPlugin.java:191] [INFO] - cycle monitor action: 0x1130, 4797984
[17:08:04 - Thread-2] [OcramCoojaPlugin.java:191] [INFO] - cycle monitor action: 0x113e, 4798812
[17:08:04 - Thread-2] [OcramCoojaPlugin.java:191] [INFO] - cycle monitor action: 0x1166, 4798924
[17:08:04 - Thread-2] [OcramCoojaPlugin.java:191] [INFO] - cycle monitor action: 0x113e, 4799341
[17:08:04 - Thread-2] [OcramCoojaPlugin.java:191] [INFO] - cycle monitor action: 0x1166, 4799610
[17:08:04 - Thread-2] [OcramCoojaPlugin.java:191] [INFO] - cycle monitor action: 0x113e, 4799706
[17:08:04 - Thread-2] [OcramCoojaPlugin.java:191] [INFO] - cycle monitor action: 0x1130, 4799936
[17:08:04 - Thread-2] [OcramCoojaPlugin.java:191] [INFO] - cycle monitor action: 0x1130, 4919989
[17:08:04 - Thread-2] [OcramCoojaPlugin.java:191] [INFO] - cycle monitor action: 0x1166, 4920742
[17:08:04 - Thread-2] [OcramCoojaPlugin.java:191] [INFO] - cycle monitor action: 0x1130, 4921720
[17:08:04 - Thread-2] [OcramCoojaPlugin.java:191] [INFO] - cycle monitor action: 0x1130, 5286006
[17:08:04 - Thread-2] [OcramCoojaPlugin.java:191] [INFO] - cycle monitor action: 0x1166, 5286686
[17:08:04 - Thread-2] [OcramCoojaPlugin.java:191] [INFO] - cycle monitor action: 0x1130, 5287664
[17:08:04 - Thread-2] [OcramCoojaPlugin.java:191] [INFO] - cycle monitor action: 0x1130, 5652022
[17:08:04 - Thread-2] [OcramCoojaPlugin.java:191] [INFO] - cycle monitor action: 0x1166, 5652702
[17:08:04 - Thread-2] [OcramCoojaPlugin.java:191] [INFO] - cycle monitor action: 0x1130, 5653680
[17:08:04 - Thread-2] [OcramCoojaPlugin.java:191] [INFO] - cycle monitor action: 0x1130, 6018038
[17:08:04 - Thread-2] [OcramCoojaPlugin.java:191] [INFO] - cycle monitor action: 0x1166, 6018718
[17:08:04 - Thread-2] [OcramCoojaPlugin.java:191] [INFO] - cycle monitor action: 0x1130, 6019696
[17:08:04 - Thread-2] [OcramCoojaPlugin.java:191] [INFO] - cycle monitor action: 0x1130, 6384054
[17:08:04 - Thread-2] [OcramCoojaPlugin.java:191] [INFO] - cycle monitor action: 0x1166, 6384734
[17:08:04 - Thread-2] [OcramCoojaPlugin.java:191] [INFO] - cycle monitor action: 0x1130, 6385712
[17:08:04 - Thread-2] [OcramCoojaPlugin.java:191] [INFO] - cycle monitor action: 0x1130, 6750070
[17:08:04 - Thread-2] [OcramCoojaPlugin.java:191] [INFO] - cycle monitor action: 0x1166, 6750750
[17:08:04 - Thread-2] [OcramCoojaPlugin.java:191] [INFO] - cycle monitor action: 0x1130, 6751728
[17:08:04 - Thread-2] [OcramCoojaPlugin.java:191] [INFO] - cycle monitor action: 0x1130, 7116087
[17:08:04 - Thread-2] [OcramCoojaPlugin.java:191] [INFO] - cycle monitor action: 0x1166, 7116767
[17:08:04 - Thread-2] [OcramCoojaPlugin.java:191] [INFO] - cycle monitor action: 0x1130, 7117745
[17:08:04 - Thread-2] [OcramCoojaPlugin.java:191] [INFO] - cycle monitor action: 0x1130, 7482103
[17:08:04 - Thread-2] [OcramCoojaPlugin.java:191] [INFO] - cycle monitor action: 0x1166, 7482783
[17:08:04 - Thread-2] [OcramCoojaPlugin.java:191] [INFO] - cycle monitor action: 0x1130, 7483761
[17:08:04 - Thread-2] [OcramCoojaPlugin.java:191] [INFO] - cycle monitor action: 0x1130, 7848119
[17:08:04 - Thread-2] [OcramCoojaPlugin.java:191] [INFO] - cycle monitor action: 0x1166, 7848799
[17:08:04 - Thread-2] [OcramCoojaPlugin.java:191] [INFO] - cycle monitor action: 0x1130, 7849777
[17:08:04 - Thread-2] [OcramCoojaPlugin.java:191] [INFO] - cycle monitor action: 0x1130, 8214135
[17:08:04 - Thread-2] [OcramCoojaPlugin.java:191] [INFO] - cycle monitor action: 0x1166, 8214815
[17:08:04 - Thread-2] [OcramCoojaPlugin.java:191] [INFO] - cycle monitor action: 0x1130, 8215793
[17:08:04 - Thread-2] [OcramCoojaPlugin.java:191] [INFO] - cycle monitor action: 0x1130, 8580152
[17:08:04 - Thread-2] [OcramCoojaPlugin.java:191] [INFO] - cycle monitor action: 0x1166, 8580832
[17:08:04 - Thread-2] [OcramCoojaPlugin.java:191] [INFO] - cycle monitor action: 0x1130, 8581812
[17:08:05 - Thread-2] [OcramCoojaPlugin.java:191] [INFO] - cycle monitor action: 0x1130, 8702157
[17:08:05 - Thread-2] [OcramCoojaPlugin.java:191] [INFO] - cycle monitor action: 0x113e, 8702910
[17:08:05 - Thread-2] [OcramCoojaPlugin.java:191] [INFO] - cycle monitor action: 0x1166, 8703022
[17:08:05 - Thread-2] [OcramCoojaPlugin.java:191] [INFO] - cycle monitor action: 0x113e, 8703439
[17:08:05 - Thread-2] [OcramCoojaPlugin.java:191] [INFO] - cycle monitor action: 0x1166, 8703708
[17:08:05 - Thread-2] [OcramCoojaPlugin.java:191] [INFO] - cycle monitor action: 0x113e, 8703804
[17:08:05 - Thread-2] [OcramCoojaPlugin.java:191] [INFO] - cycle monitor action: 0x1130, 8704034
[17:08:05 - Thread-2] [OcramCoojaPlugin.java:191] [INFO] - cycle monitor action: 0x1130, 8946168
[17:08:05 - Thread-2] [OcramCoojaPlugin.java:191] [INFO] - cycle monitor action: 0x1166, 8946921
[17:08:05 - Thread-2] [OcramCoojaPlugin.java:191] [INFO] - cycle monitor action: 0x1130, 8947899
[17:08:05 - Thread-2] [OcramCoojaPlugin.java:191] [INFO] - cycle monitor action: 0x1130, 9312184
[17:08:05 - Thread-2] [OcramCoojaPlugin.java:191] [INFO] - cycle monitor action: 0x1166, 9312864
[17:08:05 - Thread-2] [OcramCoojaPlugin.java:191] [INFO] - cycle monitor action: 0x1130, 9313842
[17:08:05 - Thread-2] [OcramCoojaPlugin.java:191] [INFO] - cycle monitor action: 0x1130, 9678200
[17:08:05 - Thread-2] [OcramCoojaPlugin.java:191] [INFO] - cycle monitor action: 0x1166, 9678880
[17:08:05 - Thread-2] [OcramCoojaPlugin.java:191] [INFO] - cycle monitor action: 0x1130, 9679858
[17:08:05 - Thread-2] [OcramCoojaPlugin.java:191] [INFO] - cycle monitor action: 0x1130, 10044216
[17:08:05 - Thread-2] [OcramCoojaPlugin.java:191] [INFO] - cycle monitor action: 0x1166, 10044896
[17:08:05 - Thread-2] [OcramCoojaPlugin.java:191] [INFO] - cycle monitor action: 0x1130, 10045874
[17:08:05 - Thread-2] [OcramCoojaPlugin.java:191] [INFO] - cycle monitor action: 0x1130, 10410233
[17:08:05 - Thread-2] [OcramCoojaPlugin.java:191] [INFO] - cycle monitor action: 0x1166, 10410913
[17:08:05 - Thread-2] [OcramCoojaPlugin.java:191] [INFO] - cycle monitor action: 0x1130, 10411891
[17:08:05 - Thread-2] [OcramCoojaPlugin.java:191] [INFO] - cycle monitor action: 0x1130, 10776249
[17:08:05 - Thread-2] [OcramCoojaPlugin.java:191] [INFO] - cycle monitor action: 0x1166, 10776929
[17:08:05 - Thread-2] [OcramCoojaPlugin.java:191] [INFO] - cycle monitor action: 0x1130, 10777907
[17:08:05 - Thread-2] [OcramCoojaPlugin.java:191] [INFO] - cycle monitor action: 0x1130, 11142265
[17:08:05 - Thread-2] [OcramCoojaPlugin.java:191] [INFO] - cycle monitor action: 0x1166, 11142945
[17:08:05 - Thread-2] [OcramCoojaPlugin.java:191] [INFO] - cycle monitor action: 0x1130, 11143923
[17:08:05 - Thread-2] [OcramCoojaPlugin.java:191] [INFO] - cycle monitor action: 0x1130, 11508281
[17:08:05 - Thread-2] [OcramCoojaPlugin.java:191] [INFO] - cycle monitor action: 0x1166, 11508961
[17:08:05 - Thread-2] [OcramCoojaPlugin.java:191] [INFO] - cycle monitor action: 0x1130, 11509939
[17:08:05 - Thread-2] [OcramCoojaPlugin.java:191] [INFO] - cycle monitor action: 0x1130, 11874297
[17:08:05 - Thread-2] [OcramCoojaPlugin.java:191] [INFO] - cycle monitor action: 0x1166, 11874977
[17:08:05 - Thread-2] [OcramCoojaPlugin.java:191] [INFO] - cycle monitor action: 0x1130, 11875955
[17:08:05 - Thread-2] [OcramCoojaPlugin.java:191] [INFO] - cycle monitor action: 0x1130, 12240314
[17:08:05 - Thread-2] [OcramCoojaPlugin.java:191] [INFO] - cycle monitor action: 0x1166, 12240994
[17:08:05 - Thread-2] [OcramCoojaPlugin.java:191] [INFO] - cycle monitor action: 0x1130, 12241972
[17:08:05 - Thread-2] [OcramCoojaPlugin.java:191] [INFO] - cycle monitor action: 0x1130, 12606330
[17:08:05 - Thread-2] [OcramCoojaPlugin.java:191] [INFO] - cycle monitor action: 0x1166, 12607218
[17:08:05 - Thread-2] [OcramCoojaPlugin.java:191] [INFO] - cycle monitor action: 0x1130, 12608171
[17:08:05 - Thread-2] [OcramCoojaPlugin.java:191] [INFO] - cycle monitor action: 0x113e, 12608547
[17:08:05 - Thread-2] [OcramCoojaPlugin.java:191] [INFO] - cycle monitor action: 0x1166, 12608659
[17:08:05 - Thread-2] [OcramCoojaPlugin.java:191] [INFO] - cycle monitor action: 0x113e, 12609076
[17:08:05 - Thread-2] [OcramCoojaPlugin.java:191] [INFO] - cycle monitor action: 0x1166, 12609345
[17:08:05 - Thread-2] [OcramCoojaPlugin.java:191] [INFO] - cycle monitor action: 0x113e, 12609441
[17:08:05 - Thread-2] [OcramCoojaPlugin.java:191] [INFO] - cycle monitor action: 0x1130, 12609671
[17:08:05 - Thread-2] [OcramCoojaPlugin.java:191] [INFO] - cycle monitor action: 0x1130, 12972346
[17:08:05 - Thread-2] [OcramCoojaPlugin.java:191] [INFO] - cycle monitor action: 0x1166, 12973099
[17:08:05 - Thread-2] [OcramCoojaPlugin.java:191] [INFO] - cycle monitor action: 0x1130, 12974077
[17:08:05 - Thread-2] [OcramCoojaPlugin.java:191] [INFO] - cycle monitor action: 0x1130, 13338362
[17:08:05 - Thread-2] [OcramCoojaPlugin.java:191] [INFO] - cycle monitor action: 0x1166, 13339042
[17:08:05 - Thread-2] [OcramCoojaPlugin.java:191] [INFO] - cycle monitor action: 0x1130, 13340020
[17:08:05 - Thread-2] [OcramCoojaPlugin.java:191] [INFO] - cycle monitor action: 0x1130, 13704379
[17:08:05 - Thread-2] [OcramCoojaPlugin.java:191] [INFO] - cycle monitor action: 0x1166, 13705059
[17:08:05 - Thread-2] [OcramCoojaPlugin.java:191] [INFO] - cycle monitor action: 0x1130, 13706037
[17:08:05 - Thread-2] [OcramCoojaPlugin.java:191] [INFO] - cycle monitor action: 0x1130, 14070395
[17:08:05 - Thread-2] [OcramCoojaPlugin.java:191] [INFO] - cycle monitor action: 0x1166, 14071075
[17:08:05 - Thread-2] [OcramCoojaPlugin.java:191] [INFO] - cycle monitor action: 0x1130, 14072053
[17:08:05 - Thread-2] [OcramCoojaPlugin.java:191] [INFO] - cycle monitor action: 0x1130, 14436411
[17:08:05 - Thread-2] [OcramCoojaPlugin.java:191] [INFO] - cycle monitor action: 0x1166, 14437091
[17:08:05 - Thread-2] [OcramCoojaPlugin.java:191] [INFO] - cycle monitor action: 0x1130, 14438069
[17:08:05 - Thread-2] [OcramCoojaPlugin.java:191] [INFO] - cycle monitor action: 0x1130, 14802427
[17:08:05 - Thread-2] [OcramCoojaPlugin.java:191] [INFO] - cycle monitor action: 0x1166, 14803107
[17:08:05 - Thread-2] [OcramCoojaPlugin.java:191] [INFO] - cycle monitor action: 0x1130, 14804085
[17:08:05 - Thread-2] [OcramCoojaPlugin.java:191] [INFO] - cycle monitor action: 0x1130, 15168443
[17:08:05 - Thread-2] [OcramCoojaPlugin.java:191] [INFO] - cycle monitor action: 0x1166, 15169123
[17:08:05 - Thread-2] [OcramCoojaPlugin.java:191] [INFO] - cycle monitor action: 0x1130, 15170101
[17:08:05 - Thread-2] [OcramCoojaPlugin.java:191] [INFO] - cycle monitor action: 0x1130, 15534460
[17:08:05 - Thread-2] [OcramCoojaPlugin.java:191] [INFO] - cycle monitor action: 0x1166, 15535140
[17:08:05 - Thread-2] [OcramCoojaPlugin.java:191] [INFO] - cycle monitor action: 0x1130, 15536118
[17:08:05 - Thread-2] [OcramCoojaPlugin.java:191] [INFO] - cycle monitor action: 0x1130, 15900476
[17:08:05 - Thread-2] [OcramCoojaPlugin.java:191] [INFO] - cycle monitor action: 0x1166, 15901156
[17:08:05 - Thread-2] [OcramCoojaPlugin.java:191] [INFO] - cycle monitor action: 0x1130, 15902134
[17:08:05 - Thread-2] [OcramCoojaPlugin.java:191] [INFO] - cycle monitor action: 0x1130, 16266492
[17:08:05 - Thread-2] [OcramCoojaPlugin.java:191] [INFO] - cycle monitor action: 0x1166, 16267172
[17:08:05 - Thread-2] [OcramCoojaPlugin.java:191] [INFO] - cycle monitor action: 0x1130, 16268152
[17:08:05 - Thread-2] [OcramCoojaPlugin.java:191] [INFO] - cycle monitor action: 0x1130, 16510503
[17:08:05 - Thread-2] [OcramCoojaPlugin.java:191] [INFO] - cycle monitor action: 0x113e, 16511256
[17:08:05 - Thread-2] [OcramCoojaPlugin.java:191] [INFO] - cycle monitor action: 0x1166, 16511368
[17:08:05 - Thread-2] [OcramCoojaPlugin.java:191] [INFO] - cycle monitor action: 0x113e, 16511785
[17:08:05 - Thread-2] [OcramCoojaPlugin.java:191] [INFO] - cycle monitor action: 0x1166, 16512054
[17:08:05 - Thread-2] [OcramCoojaPlugin.java:191] [INFO] - cycle monitor action: 0x113e, 16512150
[17:08:05 - Thread-2] [OcramCoojaPlugin.java:191] [INFO] - cycle monitor action: 0x1130, 16512380
[17:08:05 - Thread-2] [OcramCoojaPlugin.java:191] [INFO] - cycle monitor action: 0x1130, 16632508
[17:08:05 - Thread-2] [OcramCoojaPlugin.java:191] [INFO] - cycle monitor action: 0x1166, 16633261
[17:08:05 - Thread-2] [OcramCoojaPlugin.java:191] [INFO] - cycle monitor action: 0x1130, 16634239
[17:08:05 - Thread-2] [OcramCoojaPlugin.java:191] [INFO] - cycle monitor action: 0x1130, 16998525
[17:08:05 - Thread-2] [OcramCoojaPlugin.java:191] [INFO] - cycle monitor action: 0x1166, 16999205
[17:08:05 - Thread-2] [OcramCoojaPlugin.java:191] [INFO] - cycle monitor action: 0x1130, 17000183
[17:08:05 - Thread-2] [OcramCoojaPlugin.java:191] [INFO] - cycle monitor action: 0x1130, 17364541
[17:08:05 - Thread-2] [OcramCoojaPlugin.java:191] [INFO] - cycle monitor action: 0x1166, 17365221
[17:08:05 - Thread-2] [OcramCoojaPlugin.java:191] [INFO] - cycle monitor action: 0x1130, 17366199
[17:08:05 - Thread-2] [OcramCoojaPlugin.java:191] [INFO] - cycle monitor action: 0x1130, 17730557
[17:08:05 - Thread-2] [OcramCoojaPlugin.java:191] [INFO] - cycle monitor action: 0x1166, 17731237
[17:08:05 - Thread-2] [OcramCoojaPlugin.java:191] [INFO] - cycle monitor action: 0x1130, 17732215
[17:08:05 - Thread-2] [OcramCoojaPlugin.java:191] [INFO] - cycle monitor action: 0x1130, 18096573
[17:08:05 - Thread-2] [OcramCoojaPlugin.java:191] [INFO] - cycle monitor action: 0x1166, 18097253
[17:08:05 - Thread-2] [OcramCoojaPlugin.java:191] [INFO] - cycle monitor action: 0x1130, 18098231
[17:08:05 - Thread-2] [OcramCoojaPlugin.java:191] [INFO] - cycle monitor action: 0x1130, 18462589
[17:08:05 - Thread-2] [OcramCoojaPlugin.java:191] [INFO] - cycle monitor action: 0x1166, 18463269
[17:08:05 - Thread-2] [OcramCoojaPlugin.java:191] [INFO] - cycle monitor action: 0x1130, 18464247
[17:08:05 - Thread-2] [OcramCoojaPlugin.java:191] [INFO] - cycle monitor action: 0x1130, 18828606
[17:08:05 - Thread-2] [OcramCoojaPlugin.java:191] [INFO] - cycle monitor action: 0x1166, 18829286
[17:08:05 - Thread-2] [OcramCoojaPlugin.java:191] [INFO] - cycle monitor action: 0x1130, 18830264
[17:08:05 - Thread-2] [OcramCoojaPlugin.java:191] [INFO] - cycle monitor action: 0x1130, 19194622
[17:08:05 - Thread-2] [OcramCoojaPlugin.java:191] [INFO] - cycle monitor action: 0x1166, 19195302
[17:08:05 - Thread-2] [OcramCoojaPlugin.java:191] [INFO] - cycle monitor action: 0x1130, 19196280
[17:08:05 - Thread-2] [OcramCoojaPlugin.java:191] [INFO] - cycle monitor action: 0x1130, 19560638
[17:08:05 - Thread-2] [OcramCoojaPlugin.java:191] [INFO] - cycle monitor action: 0x1166, 19561318
[17:08:05 - Thread-2] [OcramCoojaPlugin.java:191] [INFO] - cycle monitor action: 0x1130, 19562296
[17:08:05 - Thread-2] [OcramCoojaPlugin.java:191] [INFO] - cycle monitor action: 0x1130, 19926654
[17:08:05 - Thread-2] [OcramCoojaPlugin.java:191] [INFO] - cycle monitor action: 0x1166, 19927334
[17:08:05 - Thread-2] [OcramCoojaPlugin.java:191] [INFO] - cycle monitor action: 0x1130, 19928312
[17:08:05 - Thread-2] [OcramCoojaPlugin.java:191] [INFO] - cycle monitor action: 0x1130, 20292671
[17:08:05 - Thread-2] [OcramCoojaPlugin.java:191] [INFO] - cycle monitor action: 0x1166, 20293351
[17:08:05 - Thread-2] [OcramCoojaPlugin.java:191] [INFO] - cycle monitor action: 0x1130, 20294331
[17:08:05 - Thread-2] [OcramCoojaPlugin.java:191] [INFO] - cycle monitor action: 0x1130, 20414676
[17:08:05 - Thread-2] [OcramCoojaPlugin.java:191] [INFO] - cycle monitor action: 0x113e, 20415429
[17:08:05 - Thread-2] [OcramCoojaPlugin.java:191] [INFO] - cycle monitor action: 0x1166, 20415541
[17:08:05 - Thread-2] [OcramCoojaPlugin.java:191] [INFO] - max stack size: 184
[17:08:05 - Thread-2] [OcramCoojaPlugin.java:191] [INFO] - max stack size: 186
[17:08:05 - Thread-2] [OcramCoojaPlugin.java:191] [INFO] - max stack size: 188
[17:08:05 - Thread-2] [OcramCoojaPlugin.java:191] [INFO] - max stack size: 190
[17:08:05 - Thread-2] [OcramCoojaPlugin.java:191] [INFO] - max stack size: 192
[17:08:05 - Thread-2] [OcramCoojaPlugin.java:191] [INFO] - max stack size: 194
[17:08:05 - Thread-2] [OcramCoojaPlugin.java:191] [INFO] - max stack size: 196
[17:08:05 - Thread-2] [OcramCoojaPlugin.java:191] [INFO] - max stack size: 198
[17:08:05 - Thread-2] [OcramCoojaPlugin.java:191] [INFO] - max stack size: 200
[17:08:05 - Thread-2] [OcramCoojaPlugin.java:191] [INFO] - max stack size: 202
[17:08:05 - Thread-2] [OcramCoojaPlugin.java:191] [INFO] - max stack size: 204
[17:08:05 - Thread-2] [OcramCoojaPlugin.java:191] [INFO] - max stack size: 206
[17:08:05 - Thread-2] [OcramCoojaPlugin.java:191] [INFO] - max stack size: 208
[17:08:05 - Thread-2] [OcramCoojaPlugin.java:191] [INFO] - max stack size: 210
[17:08:05 - Thread-2] [OcramCoojaPlugin.java:191] [INFO] - max stack size: 212
[17:08:05 - Thread-2] [OcramCoojaPlugin.java:191] [INFO] - max stack size: 214
[17:08:05 - Thread-2] [OcramCoojaPlugin.java:191] [INFO] - cycle monitor action: 0x113e, 20433137
[17:08:05 - Thread-2] [OcramCoojaPlugin.java:191] [INFO] - cycle monitor action: 0x1166, 20433406
[17:08:05 - Thread-2] [OcramCoojaPlugin.java:191] [INFO] - cycle monitor action: 0x113e, 20433502
[17:08:05 - Thread-2] [OcramCoojaPlugin.java:191] [INFO] - cycle monitor action: 0x1130, 20433732
[17:08:05 - Thread-2] [OcramCoojaPlugin.java:191] [INFO] - cycle monitor action: 0x1130, 20658687
[17:08:05 - Thread-2] [OcramCoojaPlugin.java:191] [INFO] - cycle monitor action: 0x1166, 20659440
[17:08:05 - Thread-2] [OcramCoojaPlugin.java:191] [INFO] - cycle monitor action: 0x1130, 20660418
[17:08:05 - Thread-2] [OcramCoojaPlugin.java:191] [INFO] - cycle monitor action: 0x11f4, 21002471
[17:08:05 - Thread-2] [OcramCoojaPlugin.java:191] [INFO] - cycle monitor action: 0x1166, 21010456
[17:08:05 - Thread-2] [OcramCoojaPlugin.java:191] [INFO] - cycle monitor action: 0x11f4, 21011895
[17:08:05 - Thread-2] [OcramCoojaPlugin.java:191] [INFO] - cycle monitor action: 0x1130, 21024703
[17:08:06 - Thread-2] [OcramCoojaPlugin.java:191] [INFO] - cycle monitor action: 0x1166, 21025383
[17:08:06 - Thread-2] [OcramCoojaPlugin.java:191] [INFO] - cycle monitor action: 0x1130, 21026361
[17:08:06 - Thread-2] [OcramCoojaPlugin.java:191] [INFO] - cycle monitor action: 0x1130, 21390719
[17:08:06 - Thread-2] [OcramCoojaPlugin.java:191] [INFO] - cycle monitor action: 0x1166, 21391399
[17:08:06 - Thread-2] [OcramCoojaPlugin.java:191] [INFO] - cycle monitor action: 0x1130, 21392377
[17:08:06 - Thread-2] [OcramCoojaPlugin.java:191] [INFO] - cycle monitor action: 0x1130, 21756735
[17:08:06 - Thread-2] [OcramCoojaPlugin.java:191] [INFO] - cycle monitor action: 0x1166, 21757415
[17:08:06 - Thread-2] [OcramCoojaPlugin.java:191] [INFO] - cycle monitor action: 0x1130, 21758393
[17:08:06 - Thread-2] [OcramCoojaPlugin.java:191] [INFO] - cycle monitor action: 0x1130, 22122752
[17:08:06 - Thread-2] [OcramCoojaPlugin.java:191] [INFO] - cycle monitor action: 0x1166, 22123432
[17:08:06 - Thread-2] [OcramCoojaPlugin.java:191] [INFO] - cycle monitor action: 0x1130, 22124410
[17:08:06 - Thread-2] [OcramCoojaPlugin.java:191] [INFO] - cycle monitor action: 0x1130, 22488768
[17:08:06 - Thread-2] [OcramCoojaPlugin.java:191] [INFO] - cycle monitor action: 0x1166, 22489448
[17:08:06 - Thread-2] [OcramCoojaPlugin.java:191] [INFO] - cycle monitor action: 0x1130, 22490426
[17:08:06 - Thread-2] [OcramCoojaPlugin.java:191] [INFO] - cycle monitor action: 0x1130, 22854784
[17:08:06 - Thread-2] [OcramCoojaPlugin.java:191] [INFO] - cycle monitor action: 0x1166, 22855464
[17:08:06 - Thread-2] [OcramCoojaPlugin.java:191] [INFO] - cycle monitor action: 0x1130, 22856442
[17:08:06 - Thread-2] [OcramCoojaPlugin.java:191] [INFO] - cycle monitor action: 0x1130, 23220800
[17:08:06 - Thread-2] [OcramCoojaPlugin.java:191] [INFO] - cycle monitor action: 0x1166, 23221480
[17:08:06 - Thread-2] [OcramCoojaPlugin.java:191] [INFO] - cycle monitor action: 0x1130, 23222458
[17:08:06 - Thread-2] [OcramCoojaPlugin.java:191] [INFO] - cycle monitor action: 0x1130, 23586816
[17:08:06 - Thread-2] [OcramCoojaPlugin.java:191] [INFO] - cycle monitor action: 0x1166, 23587496
[17:08:06 - Thread-2] [OcramCoojaPlugin.java:191] [INFO] - cycle monitor action: 0x1130, 23588474
[17:08:06 - Thread-2] [OcramCoojaPlugin.java:191] [INFO] - cycle monitor action: 0x1130, 23952833
[17:08:06 - Thread-2] [OcramCoojaPlugin.java:191] [INFO] - cycle monitor action: 0x1166, 23953513
[17:08:06 - Thread-2] [OcramCoojaPlugin.java:191] [INFO] - cycle monitor action: 0x1130, 23954491
[17:08:06 - Thread-2] [OcramCoojaPlugin.java:191] [INFO] - cycle monitor action: 0x1130, 24318849
[17:08:06 - Thread-2] [OcramCoojaPlugin.java:191] [INFO] - cycle monitor action: 0x1166, 24319733
[17:08:06 - Thread-2] [OcramCoojaPlugin.java:191] [INFO] - cycle monitor action: 0x1130, 24320686
[17:08:06 - Thread-2] [OcramCoojaPlugin.java:191] [INFO] - cycle monitor action: 0x113e, 24321062
[17:08:06 - Thread-2] [OcramCoojaPlugin.java:191] [INFO] - cycle monitor action: 0x1166, 24321174
[17:08:06 - Thread-2] [OcramCoojaPlugin.java:191] [INFO] - cycle monitor action: 0x113e, 24321591
[17:08:06 - Thread-2] [OcramCoojaPlugin.java:191] [INFO] - cycle monitor action: 0x1166, 24321860
[17:08:06 - Thread-2] [OcramCoojaPlugin.java:191] [INFO] - cycle monitor action: 0x113e, 24321956
[17:08:06 - Thread-2] [OcramCoojaPlugin.java:191] [INFO] - cycle monitor action: 0x1130, 24322186
[17:08:06 - Thread-2] [OcramCoojaPlugin.java:191] [INFO] - cycle monitor action: 0x1130, 24684865
[17:08:06 - Thread-2] [OcramCoojaPlugin.java:191] [INFO] - cycle monitor action: 0x1166, 24685618
[17:08:06 - Thread-2] [OcramCoojaPlugin.java:191] [INFO] - cycle monitor action: 0x1130, 24686596
[17:08:06 - Thread-2] [OcramCoojaPlugin.java:191] [INFO] - cycle monitor action: 0x1130, 25050881
[17:08:06 - Thread-2] [OcramCoojaPlugin.java:191] [INFO] - cycle monitor action: 0x1166, 25051561
[17:08:06 - Thread-2] [OcramCoojaPlugin.java:191] [INFO] - cycle monitor action: 0x1130, 25052539
[17:08:06 - Thread-2] [OcramCoojaPlugin.java:191] [INFO] - cycle monitor action: 0x1130, 25416898
[17:08:06 - Thread-2] [OcramCoojaPlugin.java:191] [INFO] - cycle monitor action: 0x1166, 25417578
[17:08:06 - Thread-2] [OcramCoojaPlugin.java:191] [INFO] - cycle monitor action: 0x1130, 25418556
[17:08:06 - Thread-2] [OcramCoojaPlugin.java:191] [INFO] - cycle monitor action: 0x1130, 25782914
[17:08:06 - Thread-2] [OcramCoojaPlugin.java:191] [INFO] - cycle monitor action: 0x1166, 25783594
[17:08:06 - Thread-2] [OcramCoojaPlugin.java:191] [INFO] - cycle monitor action: 0x1130, 25784572
[17:08:06 - Thread-2] [OcramCoojaPlugin.java:191] [INFO] - cycle monitor action: 0x1130, 26148930
[17:08:06 - Thread-2] [OcramCoojaPlugin.java:191] [INFO] - cycle monitor action: 0x1166, 26149610
[17:08:06 - Thread-2] [OcramCoojaPlugin.java:191] [INFO] - cycle monitor action: 0x1130, 26150588
[17:08:06 - Thread-2] [OcramCoojaPlugin.java:191] [INFO] - cycle monitor action: 0x1130, 26514946
[17:08:06 - Thread-2] [OcramCoojaPlugin.java:191] [INFO] - cycle monitor action: 0x1166, 26515626
[17:08:06 - Thread-2] [OcramCoojaPlugin.java:191] [INFO] - cycle monitor action: 0x1130, 26516604
[17:08:06 - Thread-2] [OcramCoojaPlugin.java:191] [INFO] - cycle monitor action: 0x1130, 26880962
[17:08:06 - Thread-2] [OcramCoojaPlugin.java:191] [INFO] - cycle monitor action: 0x1166, 26881642
[17:08:06 - Thread-2] [OcramCoojaPlugin.java:191] [INFO] - cycle monitor action: 0x1130, 26882620
[17:08:06 - Thread-2] [OcramCoojaPlugin.java:191] [INFO] - cycle monitor action: 0x1130, 27246979
[17:08:06 - Thread-2] [OcramCoojaPlugin.java:191] [INFO] - cycle monitor action: 0x1166, 27247659
[17:08:06 - Thread-2] [OcramCoojaPlugin.java:191] [INFO] - cycle monitor action: 0x1130, 27248637
[17:08:06 - Thread-2] [OcramCoojaPlugin.java:191] [INFO] - cycle monitor action: 0x1130, 27612995
[17:08:06 - Thread-2] [OcramCoojaPlugin.java:191] [INFO] - cycle monitor action: 0x1166, 27613675
[17:08:06 - Thread-2] [OcramCoojaPlugin.java:191] [INFO] - cycle monitor action: 0x1130, 27614653
[17:08:06 - Thread-2] [OcramCoojaPlugin.java:191] [INFO] - cycle monitor action: 0x1130, 27979011
[17:08:06 - Thread-2] [OcramCoojaPlugin.java:191] [INFO] - cycle monitor action: 0x1166, 27979691
[17:08:06 - Thread-2] [OcramCoojaPlugin.java:191] [INFO] - cycle monitor action: 0x1130, 27980671
[17:08:06 - Thread-2] [OcramCoojaPlugin.java:191] [INFO] - cycle monitor action: 0x1130, 28223022
[17:08:06 - Thread-2] [OcramCoojaPlugin.java:191] [INFO] - cycle monitor action: 0x113e, 28223775
[17:08:06 - Thread-2] [OcramCoojaPlugin.java:191] [INFO] - cycle monitor action: 0x1166, 28223887
[17:08:06 - Thread-2] [OcramCoojaPlugin.java:191] [INFO] - cycle monitor action: 0x113e, 28224304
[17:08:06 - Thread-2] [OcramCoojaPlugin.java:191] [INFO] - cycle monitor action: 0x1166, 28224573
[17:08:06 - Thread-2] [OcramCoojaPlugin.java:191] [INFO] - cycle monitor action: 0x113e, 28224669
[17:08:06 - Thread-2] [OcramCoojaPlugin.java:191] [INFO] - cycle monitor action: 0x1130, 28224899
[17:08:06 - Thread-2] [OcramCoojaPlugin.java:191] [INFO] - cycle monitor action: 0x1130, 28345027
[17:08:06 - Thread-2] [OcramCoojaPlugin.java:191] [INFO] - cycle monitor action: 0x1166, 28345780
[17:08:06 - Thread-2] [OcramCoojaPlugin.java:191] [INFO] - cycle monitor action: 0x1130, 28346758
[17:08:06 - Thread-2] [OcramCoojaPlugin.java:191] [INFO] - cycle monitor action: 0x1130, 28711044
[17:08:06 - Thread-2] [OcramCoojaPlugin.java:191] [INFO] - cycle monitor action: 0x1166, 28711724
[17:08:06 - Thread-2] [OcramCoojaPlugin.java:191] [INFO] - cycle monitor action: 0x1130, 28712702
[17:08:06 - Thread-2] [OcramCoojaPlugin.java:191] [INFO] - cycle monitor action: 0x1130, 29077060
[17:08:06 - Thread-2] [OcramCoojaPlugin.java:191] [INFO] - cycle monitor action: 0x1166, 29077740
[17:08:06 - Thread-2] [OcramCoojaPlugin.java:191] [INFO] - cycle monitor action: 0x1130, 29078718
[17:08:06 - Thread-2] [OcramCoojaPlugin.java:191] [INFO] - cycle monitor action: 0x1130, 29443076
[17:08:06 - Thread-2] [OcramCoojaPlugin.java:191] [INFO] - cycle monitor action: 0x1166, 29443756
[17:08:06 - Thread-2] [OcramCoojaPlugin.java:191] [INFO] - cycle monitor action: 0x1130, 29444734
[17:08:06 - Thread-2] [OcramCoojaPlugin.java:191] [INFO] - cycle monitor action: 0x1130, 29809092
[17:08:06 - Thread-2] [OcramCoojaPlugin.java:191] [INFO] - cycle monitor action: 0x1166, 29809772
[17:08:06 - Thread-2] [OcramCoojaPlugin.java:191] [INFO] - cycle monitor action: 0x1130, 29810750
[17:08:06 - Thread-2] [OcramCoojaPlugin.java:191] [INFO] - cycle monitor action: 0x1130, 30175108
[17:08:06 - Thread-2] [OcramCoojaPlugin.java:191] [INFO] - cycle monitor action: 0x1166, 30175788
[17:08:06 - Thread-2] [OcramCoojaPlugin.java:191] [INFO] - cycle monitor action: 0x1130, 30176766
[17:08:06 - Thread-2] [OcramCoojaPlugin.java:191] [INFO] - cycle monitor action: 0x1130, 30541125
[17:08:06 - Thread-2] [OcramCoojaPlugin.java:191] [INFO] - cycle monitor action: 0x1166, 30541805
[17:08:06 - Thread-2] [OcramCoojaPlugin.java:191] [INFO] - cycle monitor action: 0x1130, 30542783
[17:08:06 - Thread-2] [OcramCoojaPlugin.java:191] [INFO] - cycle monitor action: 0x1130, 30907141
[17:08:06 - Thread-2] [OcramCoojaPlugin.java:191] [INFO] - cycle monitor action: 0x1166, 30907821
[17:08:06 - Thread-2] [OcramCoojaPlugin.java:191] [INFO] - cycle monitor action: 0x1130, 30908799
[17:08:06 - Thread-2] [OcramCoojaPlugin.java:191] [INFO] - cycle monitor action: 0x1130, 31273157
[17:08:06 - Thread-2] [OcramCoojaPlugin.java:191] [INFO] - cycle monitor action: 0x1166, 31273837
[17:08:06 - Thread-2] [OcramCoojaPlugin.java:191] [INFO] - cycle monitor action: 0x1130, 31274815
[17:08:06 - Thread-2] [OcramCoojaPlugin.java:191] [INFO] - cycle monitor action: 0x1130, 31639173
[17:08:06 - Thread-2] [OcramCoojaPlugin.java:191] [INFO] - cycle monitor action: 0x1166, 31639853
[17:08:06 - Thread-2] [OcramCoojaPlugin.java:191] [INFO] - cycle monitor action: 0x1130, 31640831
[17:08:06 - Thread-2] [OcramCoojaPlugin.java:191] [INFO] - cycle monitor action: 0x1130, 32005190
[17:08:06 - Thread-2] [OcramCoojaPlugin.java:191] [INFO] - cycle monitor action: 0x1166, 32005870
[17:08:06 - Thread-2] [OcramCoojaPlugin.java:191] [INFO] - cycle monitor action: 0x1130, 32006850
[17:08:06 - Thread-2] [OcramCoojaPlugin.java:191] [INFO] - cycle monitor action: 0x1130, 32127195
[17:08:06 - Thread-2] [OcramCoojaPlugin.java:191] [INFO] - cycle monitor action: 0x113e, 32127948
[17:08:06 - Thread-2] [OcramCoojaPlugin.java:191] [INFO] - cycle monitor action: 0x1166, 32128060
[17:08:06 - Thread-2] [OcramCoojaPlugin.java:191] [INFO] - cycle monitor action: 0x113e, 32128477
[17:08:06 - Thread-2] [OcramCoojaPlugin.java:191] [INFO] - cycle monitor action: 0x1166, 32128746
[17:08:06 - Thread-2] [OcramCoojaPlugin.java:191] [INFO] - cycle monitor action: 0x113e, 32128842
[17:08:06 - Thread-2] [OcramCoojaPlugin.java:191] [INFO] - cycle monitor action: 0x1130, 32129072
[17:08:06 - Thread-2] [OcramCoojaPlugin.java:191] [INFO] - cycle monitor action: 0x1130, 32371206
[17:08:06 - Thread-2] [OcramCoojaPlugin.java:191] [INFO] - cycle monitor action: 0x1166, 32371959
[17:08:06 - Thread-2] [OcramCoojaPlugin.java:191] [INFO] - cycle monitor action: 0x1130, 32372937
[17:08:06 - Thread-2] [OcramCoojaPlugin.java:191] [INFO] - cycle monitor action: 0x1130, 32737222
[17:08:06 - Thread-2] [OcramCoojaPlugin.java:191] [INFO] - cycle monitor action: 0x1166, 32737902
[17:08:06 - Thread-2] [OcramCoojaPlugin.java:191] [INFO] - cycle monitor action: 0x1130, 32738880
[17:08:06 - Thread-2] [OcramCoojaPlugin.java:191] [INFO] - cycle monitor action: 0x1130, 33103238
[17:08:06 - Thread-2] [OcramCoojaPlugin.java:191] [INFO] - cycle monitor action: 0x1166, 33103918
[17:08:06 - Thread-2] [OcramCoojaPlugin.java:191] [INFO] - cycle monitor action: 0x1130, 33104896
[17:08:06 - Thread-2] [OcramCoojaPlugin.java:191] [INFO] - cycle monitor action: 0x1130, 33469254
[17:08:06 - Thread-2] [OcramCoojaPlugin.java:191] [INFO] - cycle monitor action: 0x1166, 33469934
[17:08:06 - Thread-2] [OcramCoojaPlugin.java:191] [INFO] - cycle monitor action: 0x1130, 33470912
[17:08:06 - Thread-2] [OcramCoojaPlugin.java:191] [INFO] - cycle monitor action: 0x1130, 33835271
[17:08:06 - Thread-2] [OcramCoojaPlugin.java:191] [INFO] - cycle monitor action: 0x1166, 33835951
[17:08:06 - Thread-2] [OcramCoojaPlugin.java:191] [INFO] - cycle monitor action: 0x1130, 33836929
[17:08:06 - Thread-2] [OcramCoojaPlugin.java:191] [INFO] - cycle monitor action: 0x1130, 34201287
[17:08:06 - Thread-2] [OcramCoojaPlugin.java:191] [INFO] - cycle monitor action: 0x1166, 34201967
[17:08:06 - Thread-2] [OcramCoojaPlugin.java:191] [INFO] - cycle monitor action: 0x1130, 34202945
[17:08:06 - Thread-2] [OcramCoojaPlugin.java:191] [INFO] - cycle monitor action: 0x1130, 34567303
[17:08:06 - Thread-2] [OcramCoojaPlugin.java:191] [INFO] - cycle monitor action: 0x1166, 34567983
[17:08:06 - Thread-2] [OcramCoojaPlugin.java:191] [INFO] - cycle monitor action: 0x1130, 34568961
[17:08:07 - Thread-2] [OcramCoojaPlugin.java:191] [INFO] - cycle monitor action: 0x1130, 34933319
[17:08:07 - Thread-2] [OcramCoojaPlugin.java:191] [INFO] - cycle monitor action: 0x1166, 34933999
[17:08:07 - Thread-2] [OcramCoojaPlugin.java:191] [INFO] - cycle monitor action: 0x1130, 34934977
[17:08:07 - Thread-2] [OcramCoojaPlugin.java:191] [INFO] - cycle monitor action: 0x1130, 35299335
[17:08:07 - Thread-2] [OcramCoojaPlugin.java:191] [INFO] - cycle monitor action: 0x1166, 35300015
[17:08:07 - Thread-2] [OcramCoojaPlugin.java:191] [INFO] - cycle monitor action: 0x1130, 35300993
[17:08:07 - Thread-2] [OcramCoojaPlugin.java:191] [INFO] - cycle monitor action: 0x1130, 35665352
[17:08:07 - Thread-2] [OcramCoojaPlugin.java:191] [INFO] - cycle monitor action: 0x1166, 35666032
[17:08:07 - Thread-2] [OcramCoojaPlugin.java:191] [INFO] - cycle monitor action: 0x1130, 35667010
[17:08:07 - Thread-2] [OcramCoojaPlugin.java:191] [INFO] - cycle monitor action: 0x1130, 36031368
[17:08:07 - Thread-2] [OcramCoojaPlugin.java:191] [INFO] - cycle monitor action: 0x1166, 36032252
[17:08:07 - Thread-2] [OcramCoojaPlugin.java:191] [INFO] - cycle monitor action: 0x1130, 36033205
[17:08:07 - Thread-2] [OcramCoojaPlugin.java:191] [INFO] - cycle monitor action: 0x113e, 36033581
[17:08:07 - Thread-2] [OcramCoojaPlugin.java:191] [INFO] - cycle monitor action: 0x1166, 36033693
[17:08:07 - Thread-2] [OcramCoojaPlugin.java:191] [INFO] - cycle monitor action: 0x113e, 36034110
[17:08:07 - Thread-2] [OcramCoojaPlugin.java:191] [INFO] - cycle monitor action: 0x1166, 36034379
[17:08:07 - Thread-2] [OcramCoojaPlugin.java:191] [INFO] - cycle monitor action: 0x113e, 36034475
[17:08:07 - Thread-2] [OcramCoojaPlugin.java:191] [INFO] - cycle monitor action: 0x1130, 36034705
[17:08:07 - Thread-2] [OcramCoojaPlugin.java:191] [INFO] - cycle monitor action: 0x1130, 36397384
[17:08:07 - Thread-2] [OcramCoojaPlugin.java:191] [INFO] - cycle monitor action: 0x1166, 36398137
[17:08:07 - Thread-2] [OcramCoojaPlugin.java:191] [INFO] - cycle monitor action: 0x1130, 36399115
[17:08:07 - Thread-2] [OcramCoojaPlugin.java:191] [INFO] - cycle monitor action: 0x1130, 36763400
[17:08:07 - Thread-2] [OcramCoojaPlugin.java:191] [INFO] - cycle monitor action: 0x1166, 36764080
[17:08:07 - Thread-2] [OcramCoojaPlugin.java:191] [INFO] - cycle monitor action: 0x1130, 36765058
[17:08:07 - Thread-2] [OcramCoojaPlugin.java:191] [INFO] - cycle monitor action: 0x1130, 37129417
[17:08:07 - Thread-2] [OcramCoojaPlugin.java:191] [INFO] - cycle monitor action: 0x1166, 37130097
[17:08:07 - Thread-2] [OcramCoojaPlugin.java:191] [INFO] - cycle monitor action: 0x1130, 37131075
[17:08:07 - Thread-2] [OcramCoojaPlugin.java:191] [INFO] - cycle monitor action: 0x1130, 37495433
[17:08:07 - Thread-2] [OcramCoojaPlugin.java:191] [INFO] - cycle monitor action: 0x1166, 37496113
[17:08:07 - Thread-2] [OcramCoojaPlugin.java:191] [INFO] - cycle monitor action: 0x1130, 37497091
[17:08:07 - Thread-2] [OcramCoojaPlugin.java:191] [INFO] - cycle monitor action: 0x1130, 37861449
[17:08:07 - Thread-2] [OcramCoojaPlugin.java:191] [INFO] - cycle monitor action: 0x1166, 37862129
[17:08:07 - Thread-2] [OcramCoojaPlugin.java:191] [INFO] - cycle monitor action: 0x1130, 37863107
[17:08:07 - Thread-2] [OcramCoojaPlugin.java:191] [INFO] - cycle monitor action: 0x1130, 38227465
[17:08:07 - Thread-2] [OcramCoojaPlugin.java:191] [INFO] - cycle monitor action: 0x1166, 38228145
[17:08:07 - Thread-2] [OcramCoojaPlugin.java:191] [INFO] - cycle monitor action: 0x1130, 38229123
[17:08:07 - Thread-2] [OcramCoojaPlugin.java:191] [INFO] - cycle monitor action: 0x1130, 38593481
[17:08:07 - Thread-2] [OcramCoojaPlugin.java:191] [INFO] - cycle monitor action: 0x1166, 38594161
[17:08:07 - Thread-2] [OcramCoojaPlugin.java:191] [INFO] - cycle monitor action: 0x1130, 38595139
[17:08:07 - Thread-2] [OcramCoojaPlugin.java:191] [INFO] - cycle monitor action: 0x1130, 38959498
[17:08:07 - Thread-2] [OcramCoojaPlugin.java:191] [INFO] - cycle monitor action: 0x1166, 38960178
[17:08:07 - Thread-2] [OcramCoojaPlugin.java:191] [INFO] - cycle monitor action: 0x1130, 38961156
[17:08:07 - Thread-2] [OcramCoojaPlugin.java:191] [INFO] - cycle monitor action: 0x1130, 39325514
[17:08:07 - Thread-2] [OcramCoojaPlugin.java:191] [INFO] - cycle monitor action: 0x1166, 39326194
[17:08:07 - Thread-2] [OcramCoojaPlugin.java:191] [INFO] - cycle monitor action: 0x1130, 39327172
[17:08:07 - Thread-2] [OcramCoojaPlugin.java:191] [INFO] - cycle monitor action: 0x1130, 39691530
[17:08:07 - Thread-2] [OcramCoojaPlugin.java:191] [INFO] - cycle monitor action: 0x1166, 39692210
[17:08:07 - Thread-2] [OcramCoojaPlugin.java:191] [INFO] - cycle monitor action: 0x1130, 39693190
[17:08:07 - Thread-2] [OcramCoojaPlugin.java:191] [INFO] - cycle monitor action: 0x1130, 39935541
[17:08:07 - Thread-2] [OcramCoojaPlugin.java:191] [INFO] - cycle monitor action: 0x113e, 39936296
[17:08:07 - Thread-2] [OcramCoojaPlugin.java:191] [INFO] - cycle monitor action: 0x1166, 39936408
[17:08:07 - Thread-2] [OcramCoojaPlugin.java:191] [INFO] - cycle monitor action: 0x113e, 39936825
[17:08:07 - Thread-2] [OcramCoojaPlugin.java:191] [INFO] - cycle monitor action: 0x1166, 39937096
[17:08:07 - Thread-2] [OcramCoojaPlugin.java:191] [INFO] - cycle monitor action: 0x113e, 39937192
[17:08:07 - Thread-2] [OcramCoojaPlugin.java:191] [INFO] - cycle monitor action: 0x1130, 39937422
[17:08:07 - Thread-2] [OcramCoojaPlugin.java:191] [INFO] - cycle monitor action: 0x1130, 39996544
[17:08:07 - Thread-2] [OcramCoojaPlugin.java:191] [INFO] - cycle monitor action: 0x1100, 39997374
[17:08:07 - Thread-2] [OcramCoojaPlugin.java:191] [INFO] - log output: 10542166: 3: setting salt: 14526
[17:08:07 - Thread-2] [OcramCoojaPlugin.java:191] [INFO] - max stack size: 218
[17:08:07 - Thread-2] [OcramCoojaPlugin.java:191] [INFO] - max stack size: 220
[17:08:07 - Thread-2] [OcramCoojaPlugin.java:191] [INFO] - max stack size: 222
[17:08:07 - Thread-2] [OcramCoojaPlugin.java:191] [INFO] - max stack size: 224
[17:08:07 - Thread-2] [OcramCoojaPlugin.java:191] [INFO] - max stack size: 226
[17:08:07 - Thread-2] [OcramCoojaPlugin.java:191] [INFO] - max stack size: 228
[17:08:07 - Thread-2] [OcramCoojaPlugin.java:191] [INFO] - max stack size: 230
[17:08:07 - Thread-2] [OcramCoojaPlugin.java:191] [INFO] - max stack size: 232
[17:08:07 - Thread-2] [OcramCoojaPlugin.java:191] [INFO] - max stack size: 234
[17:08:07 - Thread-2] [OcramCoojaPlugin.java:191] [INFO] - max stack size: 236
[17:08:07 - Thread-2] [OcramCoojaPlugin.java:191] [INFO] - max stack size: 238
[17:08:07 - Thread-2] [OcramCoojaPlugin.java:191] [INFO] - max stack size: 240
[17:08:07 - Thread-2] [OcramCoojaPlugin.java:191] [INFO] - cycle monitor action: 0x1182, 40042398
[17:08:07 - Thread-2] [OcramCoojaPlugin.java:191] [INFO] - cycle monitor action: 0x1100, 40042698
[17:08:07 - Thread-2] [OcramCoojaPlugin.java:191] [INFO] - cycle monitor action: 0x1130, 40043028
[17:08:07 - Thread-2] [OcramCoojaPlugin.java:191] [INFO] - cycle monitor action: 0x1130, 40057546
[17:08:07 - Thread-2] [OcramCoojaPlugin.java:191] [INFO] - cycle monitor action: 0x1166, 40058376
[17:08:07 - Thread-2] [OcramCoojaPlugin.java:191] [INFO] - cycle monitor action: 0x1130, 40059445
[17:08:07 - Thread-2] [OcramCoojaPlugin.java:191] [INFO] - cycle monitor action: 0x11f4, 40082059
[17:08:07 - Thread-2] [OcramCoojaPlugin.java:191] [INFO] - cycle monitor action: 0x1166, 40091491
[17:08:07 - Thread-2] [OcramCoojaPlugin.java:191] [INFO] - cycle monitor action: 0x11f4, 40094977
[17:08:07 - Thread-2] [OcramCoojaPlugin.java:191] [INFO] - cycle monitor action: 0x1130, 40423563
[17:08:07 - Thread-2] [OcramCoojaPlugin.java:191] [INFO] - cycle monitor action: 0x1166, 40424245
[17:08:07 - Thread-2] [OcramCoojaPlugin.java:191] [INFO] - cycle monitor action: 0x1130, 40425301
[17:08:07 - Thread-2] [OcramCoojaPlugin.java:191] [INFO] - cycle monitor action: 0x1130, 40789579
[17:08:07 - Thread-2] [OcramCoojaPlugin.java:191] [INFO] - cycle monitor action: 0x1166, 40790261
[17:08:07 - Thread-2] [OcramCoojaPlugin.java:191] [INFO] - cycle monitor action: 0x1130, 40791317
[17:08:07 - Thread-2] [OcramCoojaPlugin.java:191] [INFO] - cycle monitor action: 0x1130, 41155595
[17:08:07 - Thread-2] [OcramCoojaPlugin.java:191] [INFO] - cycle monitor action: 0x1166, 41156277
[17:08:07 - Thread-2] [OcramCoojaPlugin.java:191] [INFO] - cycle monitor action: 0x1130, 41157333
[17:08:07 - Thread-2] [OcramCoojaPlugin.java:191] [INFO] - cycle monitor action: 0x1130, 41521611
[17:08:07 - Thread-2] [OcramCoojaPlugin.java:191] [INFO] - cycle monitor action: 0x1166, 41522293
[17:08:07 - Thread-2] [OcramCoojaPlugin.java:191] [INFO] - cycle monitor action: 0x1130, 41523349
[17:08:07 - Thread-2] [OcramCoojaPlugin.java:191] [INFO] - cycle monitor action: 0x1130, 41887627
[17:08:07 - Thread-2] [OcramCoojaPlugin.java:191] [INFO] - cycle monitor action: 0x1166, 41888309
[17:08:07 - Thread-2] [OcramCoojaPlugin.java:191] [INFO] - cycle monitor action: 0x1130, 41889365
[17:08:07 - Thread-2] [OcramCoojaPlugin.java:191] [INFO] - cycle monitor action: 0x1130, 42253644
[17:08:07 - Thread-2] [OcramCoojaPlugin.java:191] [INFO] - cycle monitor action: 0x1166, 42254326
[17:08:07 - Thread-2] [OcramCoojaPlugin.java:191] [INFO] - cycle monitor action: 0x1130, 42255382
[17:08:07 - Thread-2] [OcramCoojaPlugin.java:191] [INFO] - cycle monitor action: 0x1130, 42619660
[17:08:07 - Thread-2] [OcramCoojaPlugin.java:191] [INFO] - cycle monitor action: 0x1166, 42620342
[17:08:07 - Thread-2] [OcramCoojaPlugin.java:191] [INFO] - cycle monitor action: 0x1130, 42621398
[17:08:07 - Thread-2] [OcramCoojaPlugin.java:191] [INFO] - cycle monitor action: 0x1130, 42985676
[17:08:07 - Thread-2] [OcramCoojaPlugin.java:191] [INFO] - cycle monitor action: 0x1166, 42986358
[17:08:07 - Thread-2] [OcramCoojaPlugin.java:191] [INFO] - cycle monitor action: 0x1130, 42987414
[17:08:07 - Thread-2] [OcramCoojaPlugin.java:191] [INFO] - cycle monitor action: 0x1130, 43351692
[17:08:07 - Thread-2] [OcramCoojaPlugin.java:191] [INFO] - cycle monitor action: 0x1166, 43352374
[17:08:07 - Thread-2] [OcramCoojaPlugin.java:191] [INFO] - cycle monitor action: 0x1130, 43353430
[17:08:07 - Thread-2] [OcramCoojaPlugin.java:191] [INFO] - cycle monitor action: 0x1130, 43717709
[17:08:07 - Thread-2] [OcramCoojaPlugin.java:191] [INFO] - cycle monitor action: 0x1166, 43718391
[17:08:07 - Thread-2] [OcramCoojaPlugin.java:191] [INFO] - cycle monitor action: 0x1130, 43719449
[17:08:07 - Thread-2] [OcramCoojaPlugin.java:191] [INFO] - cycle monitor action: 0x1130, 43839714
[17:08:07 - Thread-2] [OcramCoojaPlugin.java:191] [INFO] - cycle monitor action: 0x113e, 43840542
[17:08:07 - Thread-2] [OcramCoojaPlugin.java:191] [INFO] - cycle monitor action: 0x1166, 43840654
[17:08:07 - Thread-2] [OcramCoojaPlugin.java:191] [INFO] - cycle monitor action: 0x113e, 43841071
[17:08:07 - Thread-2] [OcramCoojaPlugin.java:191] [INFO] - cycle monitor action: 0x1166, 43841340
[17:08:07 - Thread-2] [OcramCoojaPlugin.java:191] [INFO] - cycle monitor action: 0x113e, 43841436
[17:08:07 - Thread-2] [OcramCoojaPlugin.java:191] [INFO] - cycle monitor action: 0x1130, 43841666
[17:08:07 - Thread-2] [OcramCoojaPlugin.java:191] [INFO] - cycle monitor action: 0x1130, 44083725
[17:08:07 - Thread-2] [OcramCoojaPlugin.java:191] [INFO] - cycle monitor action: 0x1166, 44084478
[17:08:07 - Thread-2] [OcramCoojaPlugin.java:191] [INFO] - cycle monitor action: 0x1130, 44085534
[17:08:07 - Thread-2] [OcramCoojaPlugin.java:191] [INFO] - cycle monitor action: 0x1130, 44449741
[17:08:07 - Thread-2] [OcramCoojaPlugin.java:191] [INFO] - cycle monitor action: 0x1166, 44450421
[17:08:07 - Thread-2] [OcramCoojaPlugin.java:191] [INFO] - cycle monitor action: 0x1130, 44451477
[17:08:07 - Thread-2] [OcramCoojaPlugin.java:191] [INFO] - cycle monitor action: 0x1130, 44815757
[17:08:07 - Thread-2] [OcramCoojaPlugin.java:191] [INFO] - cycle monitor action: 0x1166, 44816437
[17:08:07 - Thread-2] [OcramCoojaPlugin.java:191] [INFO] - cycle monitor action: 0x1130, 44817493
[17:08:07 - Thread-2] [OcramCoojaPlugin.java:191] [INFO] - cycle monitor action: 0x1130, 45181773
[17:08:07 - Thread-2] [OcramCoojaPlugin.java:191] [INFO] - cycle monitor action: 0x1166, 45182453
[17:08:07 - Thread-2] [OcramCoojaPlugin.java:191] [INFO] - cycle monitor action: 0x1130, 45183509
[17:08:07 - Thread-2] [OcramCoojaPlugin.java:191] [INFO] - cycle monitor action: 0x1130, 45547790
[17:08:07 - Thread-2] [OcramCoojaPlugin.java:191] [INFO] - cycle monitor action: 0x1166, 45548470
[17:08:07 - Thread-2] [OcramCoojaPlugin.java:191] [INFO] - cycle monitor action: 0x1130, 45549526
[17:08:08 - Thread-2] [OcramCoojaPlugin.java:191] [INFO] - cycle monitor action: 0x1130, 45913806
[17:08:08 - Thread-2] [OcramCoojaPlugin.java:191] [INFO] - cycle monitor action: 0x1166, 45914486
[17:08:08 - Thread-2] [OcramCoojaPlugin.java:191] [INFO] - cycle monitor action: 0x1130, 45915542
[17:08:08 - Thread-2] [OcramCoojaPlugin.java:191] [INFO] - cycle monitor action: 0x1130, 46279822
[17:08:08 - Thread-2] [OcramCoojaPlugin.java:191] [INFO] - cycle monitor action: 0x1166, 46280502
[17:08:08 - Thread-2] [OcramCoojaPlugin.java:191] [INFO] - cycle monitor action: 0x1130, 46281558
[17:08:08 - Thread-2] [OcramCoojaPlugin.java:191] [INFO] - cycle monitor action: 0x1130, 46645838
[17:08:08 - Thread-2] [OcramCoojaPlugin.java:191] [INFO] - cycle monitor action: 0x1166, 46646518
[17:08:08 - Thread-2] [OcramCoojaPlugin.java:191] [INFO] - cycle monitor action: 0x1130, 46647574
[17:08:08 - Thread-2] [OcramCoojaPlugin.java:191] [INFO] - cycle monitor action: 0x1130, 47011854
[17:08:08 - Thread-2] [OcramCoojaPlugin.java:191] [INFO] - cycle monitor action: 0x1166, 47012534
[17:08:08 - Thread-2] [OcramCoojaPlugin.java:191] [INFO] - cycle monitor action: 0x1130, 47013590
[17:08:08 - Thread-2] [OcramCoojaPlugin.java:191] [INFO] - cycle monitor action: 0x1130, 47377871
[17:08:08 - Thread-2] [OcramCoojaPlugin.java:191] [INFO] - cycle monitor action: 0x1166, 47378551
[17:08:08 - Thread-2] [OcramCoojaPlugin.java:191] [INFO] - cycle monitor action: 0x1130, 47379607
[17:08:08 - Thread-2] [OcramCoojaPlugin.java:191] [INFO] - cycle monitor action: 0x1130, 47743887
[17:08:08 - Thread-2] [OcramCoojaPlugin.java:191] [INFO] - cycle monitor action: 0x1166, 47744771
[17:08:08 - Thread-2] [OcramCoojaPlugin.java:191] [INFO] - cycle monitor action: 0x1130, 47745802
[17:08:08 - Thread-2] [OcramCoojaPlugin.java:191] [INFO] - cycle monitor action: 0x113e, 47746178
[17:08:08 - Thread-2] [OcramCoojaPlugin.java:191] [INFO] - cycle monitor action: 0x1166, 47746290
[17:08:08 - Thread-2] [OcramCoojaPlugin.java:191] [INFO] - cycle monitor action: 0x113e, 47746707
[17:08:08 - Thread-2] [OcramCoojaPlugin.java:191] [INFO] - cycle monitor action: 0x1166, 47746976
[17:08:08 - Thread-2] [OcramCoojaPlugin.java:191] [INFO] - cycle monitor action: 0x113e, 47747072
[17:08:08 - Thread-2] [OcramCoojaPlugin.java:191] [INFO] - cycle monitor action: 0x1130, 47747302
[17:08:08 - Thread-2] [OcramCoojaPlugin.java:191] [INFO] - cycle monitor action: 0x1130, 48109903
[17:08:08 - Thread-2] [OcramCoojaPlugin.java:191] [INFO] - cycle monitor action: 0x1166, 48110658
[17:08:08 - Thread-2] [OcramCoojaPlugin.java:191] [INFO] - cycle monitor action: 0x1130, 48111714
[17:08:08 - Thread-2] [OcramCoojaPlugin.java:191] [INFO] - cycle monitor action: 0x1130, 48475919
[17:08:08 - Thread-2] [OcramCoojaPlugin.java:191] [INFO] - cycle monitor action: 0x1166, 48476601
[17:08:08 - Thread-2] [OcramCoojaPlugin.java:191] [INFO] - cycle monitor action: 0x1130, 48477657
[17:08:08 - Thread-2] [OcramCoojaPlugin.java:191] [INFO] - cycle monitor action: 0x1130, 48841936
[17:08:08 - Thread-2] [OcramCoojaPlugin.java:191] [INFO] - cycle monitor action: 0x1166, 48842618
[17:08:08 - Thread-2] [OcramCoojaPlugin.java:191] [INFO] - cycle monitor action: 0x1130, 48843674
[17:08:08 - Thread-2] [OcramCoojaPlugin.java:191] [INFO] - cycle monitor action: 0x1130, 49207952
[17:08:08 - Thread-2] [OcramCoojaPlugin.java:191] [INFO] - cycle monitor action: 0x1166, 49208911
[17:08:08 - Thread-2] [OcramCoojaPlugin.java:191] [INFO] - cycle monitor action: 0x1130, 49209942
[17:08:08 - Thread-2] [OcramCoojaPlugin.java:191] [INFO] - cycle monitor action: 0x1182, 49210318
[17:08:08 - Thread-2] [OcramCoojaPlugin.java:191] [INFO] - cycle monitor action: 0x113e, 49218579
[17:08:08 - Thread-2] [OcramCoojaPlugin.java:191] [INFO] - cycle monitor action: 0x1182, 49218890
[17:08:08 - Thread-2] [OcramCoojaPlugin.java:191] [INFO] - cycle monitor action: 0x1182, 49219326
[17:08:08 - Thread-2] [OcramCoojaPlugin.java:191] [INFO] - cycle monitor action: 0x1182, 49219649
[17:08:08 - Thread-2] [OcramCoojaPlugin.java:191] [INFO] - cycle monitor action: 0x1130, 49219979
[17:08:08 - Thread-2] [OcramCoojaPlugin.java:191] [INFO] - cycle monitor action: 0x113e, 49220834
[17:08:08 - Thread-2] [OcramCoojaPlugin.java:191] [INFO] - cycle monitor action: 0x1182, 49220963
[17:08:08 - Thread-2] [OcramCoojaPlugin.java:191] [INFO] - cycle monitor action: 0x113e, 49238317
[17:08:08 - Thread-2] [OcramCoojaPlugin.java:191] [INFO] - cycle monitor action: 0x11f4, 49277663
[17:08:08 - Thread-2] [OcramCoojaPlugin.java:191] [INFO] - cycle monitor action: 0x1166, 49286128
[17:08:08 - Thread-2] [OcramCoojaPlugin.java:191] [INFO] - cycle monitor action: 0x1182, 49287413
[17:08:08 - Thread-2] [OcramCoojaPlugin.java:191] [INFO] - cycle monitor action: 0x1166, 49289233
[17:08:08 - Thread-2] [OcramCoojaPlugin.java:191] [INFO] - cycle monitor action: 0x11f4, 49289336
[17:08:08 - Thread-2] [OcramCoojaPlugin.java:191] [INFO] - cycle monitor action: 0x1100, 49289596
[17:08:08 - Thread-2] [OcramCoojaPlugin.java:191] [INFO] - log output: 12918725: 3: 4.05 | done
[17:08:08 - Thread-2] [OcramCoojaPlugin.java:191] [INFO] - log output: 12921630: 3: query random values
[17:08:08 - Thread-2] [OcramCoojaPlugin.java:191] [INFO] - cycle monitor action: 0x113e, 49316884
[17:08:08 - Thread-2] [OcramCoojaPlugin.java:191] [INFO] - cycle monitor action: 0x1100, 49317195
[17:08:08 - Thread-2] [OcramCoojaPlugin.java:191] [INFO] - cycle monitor action: 0x1182, 49317934
[17:08:08 - Thread-2] [OcramCoojaPlugin.java:191] [INFO] - cycle monitor action: 0x1100, 49318257
[17:08:08 - Thread-2] [OcramCoojaPlugin.java:191] [INFO] - cycle monitor action: 0x1130, 49318506
[17:08:08 - Thread-2] [OcramCoojaPlugin.java:191] [INFO] - cycle monitor action: 0x113e, 49319361
[17:08:08 - Thread-2] [OcramCoojaPlugin.java:191] [INFO] - cycle monitor action: 0x1100, 49319490
[17:08:08 - Thread-2] [OcramCoojaPlugin.java:191] [INFO] - cycle monitor action: 0x113e, 49336354
[17:08:08 - Thread-2] [OcramCoojaPlugin.java:191] [INFO] - log output: 12932925: 2: random_handler
[17:08:08 - Thread-2] [OcramCoojaPlugin.java:191] [INFO] - cycle monitor action: 0x1130, 49573968
[17:08:08 - Thread-2] [OcramCoojaPlugin.java:191] [INFO] - cycle monitor action: 0x1166, 49574723
[17:08:08 - Thread-2] [OcramCoojaPlugin.java:191] [INFO] - cycle monitor action: 0x1130, 49575779
[17:08:08 - Thread-2] [Simulation.java:282] [FATAL] - Simulation stopped due to error: 65536
java.lang.ArrayIndexOutOfBoundsException: 65536
	at se.sics.mspsim.core.MSP430Core.read(MSP430Core.java:759)
	at se.sics.mspsim.core.MSP430Core.emulateOP(MSP430Core.java:1400)
	at se.sics.mspsim.core.MSP430.stepMicros(MSP430.java:265)
	at se.sics.cooja.mspmote.MspMote.execute(MspMote.java:332)
	at se.sics.cooja.mspmote.MspMote.execute(MspMote.java:305)
	at se.sics.cooja.motes.AbstractWakeupMote$1.execute(AbstractWakeupMote.java:48)
	at se.sics.cooja.Simulation.run(Simulation.java:270)
	at java.lang.Thread.run(Thread.java:662)
