logfile open: /home/alex/scm/ocram/applications/contiki/coap-client/native/OcramCooja.log
md5 sum of /home/alex/scm/ocram/applications/contiki/coap-client/native/app.sky: 7de653cb1365f93fdacf5b9e5db844a0
random seed: 123456
cycle monitor action: 0x0, 439
max stack size: 24
max stack size: 26
max stack size: 28
max stack size: 30
max stack size: 32
max stack size: 34
max stack size: 36
max stack size: 38
max stack size: 40
max stack size: 42
max stack size: 44
max stack size: 46
max stack size: 48
max stack size: 50
max stack size: 52
cycle monitor action: 0x0, 783485
cycle monitor action: 0x1130, 783569
cycle monitor action: 0x0, 783661
cycle monitor action: 0x113e, 783782
cycle monitor action: 0x0, 783893
cycle monitor action: 0x11ea, 784006
cycle monitor action: 0x0, 784171
max stack size: 54
max stack size: 56
max stack size: 58
max stack size: 118
max stack size: 120
max stack size: 122
max stack size: 124
max stack size: 126
max stack size: 128
max stack size: 130
max stack size: 132
max stack size: 134
max stack size: 136
log output: 499981: 3: Rime started with address 0.18.116.3.0.3.3.3
cycle monitor action: 0x11f4, 818425
cycle monitor action: 0x0, 818497
max stack size: 138
max stack size: 140
log output: 510496: 3: MAC 00:12:74:03:00:03:03:03 Contiki 2.5 started. Node id is set to 3.
cycle monitor action: 0x1166, 894761
log output: 521500: 3: CSMA nullrdc, channel check rate 128 Hz, radio channel 26
cycle monitor action: 0x113e, 913408
cycle monitor action: 0x1166, 913721
cycle monitor action: 0x0, 915193
max stack size: 142
max stack size: 144
max stack size: 146
max stack size: 148
log output: 538691: 3: Tentative link-local IPv6 address fe80:0000:0000:0000:0212:7403:0003:0303
cycle monitor action: 0x1100, 968300
max stack size: 158
max stack size: 160
max stack size: 162
max stack size: 164
max stack size: 166
log output: 540342: 3: Starting 'COAP Client'
max stack size: 168
max stack size: 170
max stack size: 172
max stack size: 174
cycle monitor action: 0x1182, 980336
log output: 543405: 3: thread address: -1: 0x1100
cycle monitor action: 0x1100, 981553
cycle monitor action: 0x0, 982087
cycle monitor action: 0x1130, 982333
cycle monitor action: 0x1130, 1259827
cycle monitor action: 0x1166, 1260763
cycle monitor action: 0x1130, 1261766
log output: 645903: 2: Rime started with address 0.18.116.2.0.2.2.2
log output: 656414: 2: MAC 00:12:74:02:00:02:02:02 Contiki 2.5 started. Node id is set to 2.
log output: 667418: 2: CSMA nullrdc, channel check rate 128 Hz, radio channel 26
log output: 684613: 2: Tentative link-local IPv6 address fe80:0000:0000:0000:0212:7402:0002:0202
log output: 686265: 2: Starting 'Rest Server'
log output: 687082: 2: Rest Server
log output: 688972: 2: REST max chunk: 64
cycle monitor action: 0x1130, 1625843
cycle monitor action: 0x1166, 1626627
cycle monitor action: 0x1130, 1627630
cycle monitor action: 0x1130, 1991860
cycle monitor action: 0x1166, 1992644
cycle monitor action: 0x1130, 1993647
cycle monitor action: 0x1130, 2357876
cycle monitor action: 0x1166, 2358660
cycle monitor action: 0x1130, 2359663
cycle monitor action: 0x1130, 2723892
cycle monitor action: 0x1166, 2724676
cycle monitor action: 0x1130, 2725681
cycle monitor action: 0x1130, 2845897
cycle monitor action: 0x1166, 2846900
cycle monitor action: 0x1130, 3089908
cycle monitor action: 0x1166, 3090590
cycle monitor action: 0x1130, 3091568
cycle monitor action: 0x1130, 3455924
cycle monitor action: 0x1166, 3456606
cycle monitor action: 0x1130, 3457584
cycle monitor action: 0x1130, 3821941
cycle monitor action: 0x1166, 3822623
cycle monitor action: 0x1130, 3823601
cycle monitor action: 0x1130, 4187957
cycle monitor action: 0x1166, 4188639
cycle monitor action: 0x1130, 4189617
cycle monitor action: 0x1130, 4553973
cycle monitor action: 0x1166, 4554655
cycle monitor action: 0x1130, 4555635
cycle monitor action: 0x1130, 4797984
cycle monitor action: 0x113e, 4798812
cycle monitor action: 0x1166, 4798924
cycle monitor action: 0x113e, 4799341
cycle monitor action: 0x1166, 4799610
cycle monitor action: 0x113e, 4799706
cycle monitor action: 0x1130, 4799936
cycle monitor action: 0x1130, 4919989
cycle monitor action: 0x1166, 4920742
cycle monitor action: 0x1130, 4921720
cycle monitor action: 0x1130, 5286006
cycle monitor action: 0x1166, 5286686
cycle monitor action: 0x1130, 5287664
cycle monitor action: 0x1130, 5652022
cycle monitor action: 0x1166, 5652702
cycle monitor action: 0x1130, 5653680
cycle monitor action: 0x1130, 6018038
cycle monitor action: 0x1166, 6018718
cycle monitor action: 0x1130, 6019696
cycle monitor action: 0x1130, 6384054
cycle monitor action: 0x1166, 6384734
cycle monitor action: 0x1130, 6385712
cycle monitor action: 0x1130, 6750070
cycle monitor action: 0x1166, 6750750
cycle monitor action: 0x1130, 6751728
cycle monitor action: 0x1130, 7116087
cycle monitor action: 0x1166, 7116767
cycle monitor action: 0x1130, 7117745
cycle monitor action: 0x1130, 7482103
cycle monitor action: 0x1166, 7482783
cycle monitor action: 0x1130, 7483761
cycle monitor action: 0x1130, 7848119
cycle monitor action: 0x1166, 7848799
cycle monitor action: 0x1130, 7849777
cycle monitor action: 0x1130, 8214135
cycle monitor action: 0x1166, 8214815
cycle monitor action: 0x1130, 8215793
cycle monitor action: 0x1130, 8580152
cycle monitor action: 0x1166, 8580832
cycle monitor action: 0x1130, 8581812
cycle monitor action: 0x1130, 8702157
cycle monitor action: 0x113e, 8702910
cycle monitor action: 0x1166, 8703022
cycle monitor action: 0x113e, 8703439
cycle monitor action: 0x1166, 8703708
cycle monitor action: 0x113e, 8703804
cycle monitor action: 0x1130, 8704034
cycle monitor action: 0x1130, 8946168
cycle monitor action: 0x1166, 8946921
cycle monitor action: 0x1130, 8947899
cycle monitor action: 0x1130, 9312184
cycle monitor action: 0x1166, 9312864
cycle monitor action: 0x1130, 9313842
cycle monitor action: 0x1130, 9678200
cycle monitor action: 0x1166, 9678880
cycle monitor action: 0x1130, 9679858
cycle monitor action: 0x1130, 10044216
cycle monitor action: 0x1166, 10044896
cycle monitor action: 0x1130, 10045874
cycle monitor action: 0x1130, 10410233
cycle monitor action: 0x1166, 10410913
cycle monitor action: 0x1130, 10411891
cycle monitor action: 0x1130, 10776249
cycle monitor action: 0x1166, 10776929
cycle monitor action: 0x1130, 10777907
cycle monitor action: 0x1130, 11142265
cycle monitor action: 0x1166, 11142945
cycle monitor action: 0x1130, 11143923
cycle monitor action: 0x1130, 11508281
cycle monitor action: 0x1166, 11508961
cycle monitor action: 0x1130, 11509939
cycle monitor action: 0x1130, 11874297
cycle monitor action: 0x1166, 11874977
cycle monitor action: 0x1130, 11875955
cycle monitor action: 0x1130, 12240314
cycle monitor action: 0x1166, 12240994
cycle monitor action: 0x1130, 12241972
cycle monitor action: 0x1130, 12606330
cycle monitor action: 0x1166, 12607218
cycle monitor action: 0x1130, 12608171
cycle monitor action: 0x113e, 12608547
cycle monitor action: 0x1166, 12608659
cycle monitor action: 0x113e, 12609076
cycle monitor action: 0x1166, 12609345
cycle monitor action: 0x113e, 12609441
cycle monitor action: 0x1130, 12609671
cycle monitor action: 0x1130, 12972346
cycle monitor action: 0x1166, 12973099
cycle monitor action: 0x1130, 12974077
cycle monitor action: 0x1130, 13338362
cycle monitor action: 0x1166, 13339042
cycle monitor action: 0x1130, 13340020
cycle monitor action: 0x1130, 13704379
cycle monitor action: 0x1166, 13705059
cycle monitor action: 0x1130, 13706037
cycle monitor action: 0x1130, 14070395
cycle monitor action: 0x1166, 14071075
cycle monitor action: 0x1130, 14072053
cycle monitor action: 0x1130, 14436411
cycle monitor action: 0x1166, 14437091
cycle monitor action: 0x1130, 14438069
cycle monitor action: 0x1130, 14802427
cycle monitor action: 0x1166, 14803107
cycle monitor action: 0x1130, 14804085
cycle monitor action: 0x1130, 15168443
cycle monitor action: 0x1166, 15169123
cycle monitor action: 0x1130, 15170101
cycle monitor action: 0x1130, 15534460
cycle monitor action: 0x1166, 15535140
cycle monitor action: 0x1130, 15536118
cycle monitor action: 0x1130, 15900476
cycle monitor action: 0x1166, 15901156
cycle monitor action: 0x1130, 15902134
cycle monitor action: 0x1130, 16266492
cycle monitor action: 0x1166, 16267172
cycle monitor action: 0x1130, 16268152
cycle monitor action: 0x1130, 16510503
cycle monitor action: 0x113e, 16511256
cycle monitor action: 0x1166, 16511368
cycle monitor action: 0x113e, 16511785
cycle monitor action: 0x1166, 16512054
cycle monitor action: 0x113e, 16512150
cycle monitor action: 0x1130, 16512380
cycle monitor action: 0x1130, 16632508
cycle monitor action: 0x1166, 16633261
cycle monitor action: 0x1130, 16634239
cycle monitor action: 0x1130, 16998525
cycle monitor action: 0x1166, 16999205
cycle monitor action: 0x1130, 17000183
cycle monitor action: 0x1130, 17364541
cycle monitor action: 0x1166, 17365221
cycle monitor action: 0x1130, 17366199
cycle monitor action: 0x1130, 17730557
cycle monitor action: 0x1166, 17731237
cycle monitor action: 0x1130, 17732215
cycle monitor action: 0x1130, 18096573
cycle monitor action: 0x1166, 18097253
cycle monitor action: 0x1130, 18098231
cycle monitor action: 0x1130, 18462589
cycle monitor action: 0x1166, 18463269
cycle monitor action: 0x1130, 18464247
cycle monitor action: 0x1130, 18828606
cycle monitor action: 0x1166, 18829286
cycle monitor action: 0x1130, 18830264
cycle monitor action: 0x1130, 19194622
cycle monitor action: 0x1166, 19195302
cycle monitor action: 0x1130, 19196280
cycle monitor action: 0x1130, 19560638
cycle monitor action: 0x1166, 19561318
cycle monitor action: 0x1130, 19562296
cycle monitor action: 0x1130, 19926654
cycle monitor action: 0x1166, 19927334
cycle monitor action: 0x1130, 19928312
cycle monitor action: 0x1130, 20292671
cycle monitor action: 0x1166, 20293351
cycle monitor action: 0x1130, 20294331
cycle monitor action: 0x1130, 20414676
cycle monitor action: 0x113e, 20415429
cycle monitor action: 0x1166, 20415541
max stack size: 184
max stack size: 186
max stack size: 188
max stack size: 190
max stack size: 192
max stack size: 194
max stack size: 196
max stack size: 198
max stack size: 200
max stack size: 202
max stack size: 204
max stack size: 206
max stack size: 208
max stack size: 210
max stack size: 212
max stack size: 214
cycle monitor action: 0x113e, 20433137
cycle monitor action: 0x1166, 20433406
cycle monitor action: 0x113e, 20433502
cycle monitor action: 0x1130, 20433732
cycle monitor action: 0x1130, 20658687
cycle monitor action: 0x1166, 20659440
cycle monitor action: 0x1130, 20660418
cycle monitor action: 0x11f4, 21002471
cycle monitor action: 0x1166, 21010456
cycle monitor action: 0x11f4, 21011895
cycle monitor action: 0x1130, 21024703
cycle monitor action: 0x1166, 21025383
cycle monitor action: 0x1130, 21026361
cycle monitor action: 0x1130, 21390719
cycle monitor action: 0x1166, 21391399
cycle monitor action: 0x1130, 21392377
cycle monitor action: 0x1130, 21756735
cycle monitor action: 0x1166, 21757415
cycle monitor action: 0x1130, 21758393
cycle monitor action: 0x1130, 22122752
cycle monitor action: 0x1166, 22123432
cycle monitor action: 0x1130, 22124410
cycle monitor action: 0x1130, 22488768
cycle monitor action: 0x1166, 22489448
cycle monitor action: 0x1130, 22490426
cycle monitor action: 0x1130, 22854784
cycle monitor action: 0x1166, 22855464
cycle monitor action: 0x1130, 22856442
cycle monitor action: 0x1130, 23220800
cycle monitor action: 0x1166, 23221480
cycle monitor action: 0x1130, 23222458
cycle monitor action: 0x1130, 23586816
cycle monitor action: 0x1166, 23587496
cycle monitor action: 0x1130, 23588474
cycle monitor action: 0x1130, 23952833
cycle monitor action: 0x1166, 23953513
cycle monitor action: 0x1130, 23954491
cycle monitor action: 0x1130, 24318849
cycle monitor action: 0x1166, 24319733
cycle monitor action: 0x1130, 24320686
cycle monitor action: 0x113e, 24321062
cycle monitor action: 0x1166, 24321174
cycle monitor action: 0x113e, 24321591
cycle monitor action: 0x1166, 24321860
cycle monitor action: 0x113e, 24321956
cycle monitor action: 0x1130, 24322186
cycle monitor action: 0x1130, 24684865
cycle monitor action: 0x1166, 24685618
cycle monitor action: 0x1130, 24686596
cycle monitor action: 0x1130, 25050881
cycle monitor action: 0x1166, 25051561
cycle monitor action: 0x1130, 25052539
cycle monitor action: 0x1130, 25416898
cycle monitor action: 0x1166, 25417578
cycle monitor action: 0x1130, 25418556
cycle monitor action: 0x1130, 25782914
cycle monitor action: 0x1166, 25783594
cycle monitor action: 0x1130, 25784572
cycle monitor action: 0x1130, 26148930
cycle monitor action: 0x1166, 26149610
cycle monitor action: 0x1130, 26150588
cycle monitor action: 0x1130, 26514946
cycle monitor action: 0x1166, 26515626
cycle monitor action: 0x1130, 26516604
cycle monitor action: 0x1130, 26880962
cycle monitor action: 0x1166, 26881642
cycle monitor action: 0x1130, 26882620
cycle monitor action: 0x1130, 27246979
cycle monitor action: 0x1166, 27247659
cycle monitor action: 0x1130, 27248637
cycle monitor action: 0x1130, 27612995
cycle monitor action: 0x1166, 27613675
cycle monitor action: 0x1130, 27614653
cycle monitor action: 0x1130, 27979011
cycle monitor action: 0x1166, 27979691
cycle monitor action: 0x1130, 27980671
cycle monitor action: 0x1130, 28223022
cycle monitor action: 0x113e, 28223775
cycle monitor action: 0x1166, 28223887
cycle monitor action: 0x113e, 28224304
cycle monitor action: 0x1166, 28224573
cycle monitor action: 0x113e, 28224669
cycle monitor action: 0x1130, 28224899
cycle monitor action: 0x1130, 28345027
cycle monitor action: 0x1166, 28345780
cycle monitor action: 0x1130, 28346758
cycle monitor action: 0x1130, 28711044
cycle monitor action: 0x1166, 28711724
cycle monitor action: 0x1130, 28712702
cycle monitor action: 0x1130, 29077060
cycle monitor action: 0x1166, 29077740
cycle monitor action: 0x1130, 29078718
cycle monitor action: 0x1130, 29443076
cycle monitor action: 0x1166, 29443756
cycle monitor action: 0x1130, 29444734
cycle monitor action: 0x1130, 29809092
cycle monitor action: 0x1166, 29809772
cycle monitor action: 0x1130, 29810750
cycle monitor action: 0x1130, 30175108
cycle monitor action: 0x1166, 30175788
cycle monitor action: 0x1130, 30176766
cycle monitor action: 0x1130, 30541125
cycle monitor action: 0x1166, 30541805
cycle monitor action: 0x1130, 30542783
cycle monitor action: 0x1130, 30907141
cycle monitor action: 0x1166, 30907821
cycle monitor action: 0x1130, 30908799
cycle monitor action: 0x1130, 31273157
cycle monitor action: 0x1166, 31273837
cycle monitor action: 0x1130, 31274815
cycle monitor action: 0x1130, 31639173
cycle monitor action: 0x1166, 31639853
cycle monitor action: 0x1130, 31640831
cycle monitor action: 0x1130, 32005190
cycle monitor action: 0x1166, 32005870
cycle monitor action: 0x1130, 32006850
cycle monitor action: 0x1130, 32127195
cycle monitor action: 0x113e, 32127948
cycle monitor action: 0x1166, 32128060
cycle monitor action: 0x113e, 32128477
cycle monitor action: 0x1166, 32128746
cycle monitor action: 0x113e, 32128842
cycle monitor action: 0x1130, 32129072
cycle monitor action: 0x1130, 32371206
cycle monitor action: 0x1166, 32371959
cycle monitor action: 0x1130, 32372937
cycle monitor action: 0x1130, 32737222
cycle monitor action: 0x1166, 32737902
cycle monitor action: 0x1130, 32738880
cycle monitor action: 0x1130, 33103238
cycle monitor action: 0x1166, 33103918
cycle monitor action: 0x1130, 33104896
cycle monitor action: 0x1130, 33469254
cycle monitor action: 0x1166, 33469934
cycle monitor action: 0x1130, 33470912
cycle monitor action: 0x1130, 33835271
cycle monitor action: 0x1166, 33835951
cycle monitor action: 0x1130, 33836929
cycle monitor action: 0x1130, 34201287
cycle monitor action: 0x1166, 34201967
cycle monitor action: 0x1130, 34202945
cycle monitor action: 0x1130, 34567303
cycle monitor action: 0x1166, 34567983
cycle monitor action: 0x1130, 34568961
cycle monitor action: 0x1130, 34933319
cycle monitor action: 0x1166, 34933999
cycle monitor action: 0x1130, 34934977
cycle monitor action: 0x1130, 35299335
cycle monitor action: 0x1166, 35300015
cycle monitor action: 0x1130, 35300993
cycle monitor action: 0x1130, 35665352
cycle monitor action: 0x1166, 35666032
cycle monitor action: 0x1130, 35667010
cycle monitor action: 0x1130, 36031368
cycle monitor action: 0x1166, 36032252
cycle monitor action: 0x1130, 36033205
cycle monitor action: 0x113e, 36033581
cycle monitor action: 0x1166, 36033693
cycle monitor action: 0x113e, 36034110
cycle monitor action: 0x1166, 36034379
cycle monitor action: 0x113e, 36034475
cycle monitor action: 0x1130, 36034705
cycle monitor action: 0x1130, 36397384
cycle monitor action: 0x1166, 36398137
cycle monitor action: 0x1130, 36399115
cycle monitor action: 0x1130, 36763400
cycle monitor action: 0x1166, 36764080
cycle monitor action: 0x1130, 36765058
cycle monitor action: 0x1130, 37129417
cycle monitor action: 0x1166, 37130097
cycle monitor action: 0x1130, 37131075
cycle monitor action: 0x1130, 37495433
cycle monitor action: 0x1166, 37496113
cycle monitor action: 0x1130, 37497091
cycle monitor action: 0x1130, 37861449
cycle monitor action: 0x1166, 37862129
cycle monitor action: 0x1130, 37863107
cycle monitor action: 0x1130, 38227465
cycle monitor action: 0x1166, 38228145
cycle monitor action: 0x1130, 38229123
cycle monitor action: 0x1130, 38593481
cycle monitor action: 0x1166, 38594161
cycle monitor action: 0x1130, 38595139
cycle monitor action: 0x1130, 38959498
cycle monitor action: 0x1166, 38960178
cycle monitor action: 0x1130, 38961156
cycle monitor action: 0x1130, 39325514
cycle monitor action: 0x1166, 39326194
cycle monitor action: 0x1130, 39327172
cycle monitor action: 0x1130, 39691530
cycle monitor action: 0x1166, 39692210
cycle monitor action: 0x1130, 39693190
cycle monitor action: 0x1130, 39935541
cycle monitor action: 0x113e, 39936296
cycle monitor action: 0x1166, 39936408
cycle monitor action: 0x113e, 39936825
cycle monitor action: 0x1166, 39937096
cycle monitor action: 0x113e, 39937192
cycle monitor action: 0x1130, 39937422
cycle monitor action: 0x1130, 39996544
cycle monitor action: 0x1100, 39997374
log output: 10542166: 3: setting salt: 14526
max stack size: 218
max stack size: 220
max stack size: 222
max stack size: 224
max stack size: 226
max stack size: 228
max stack size: 230
max stack size: 232
max stack size: 234
max stack size: 236
max stack size: 238
max stack size: 240
cycle monitor action: 0x1182, 40042398
cycle monitor action: 0x1100, 40042698
cycle monitor action: 0x1130, 40043028
cycle monitor action: 0x1130, 40057546
cycle monitor action: 0x1166, 40058376
cycle monitor action: 0x1130, 40059445
cycle monitor action: 0x11f4, 40082059
cycle monitor action: 0x1166, 40091491
cycle monitor action: 0x11f4, 40094977
cycle monitor action: 0x1130, 40423563
cycle monitor action: 0x1166, 40424245
cycle monitor action: 0x1130, 40425301
cycle monitor action: 0x1130, 40789579
cycle monitor action: 0x1166, 40790261
cycle monitor action: 0x1130, 40791317
cycle monitor action: 0x1130, 41155595
cycle monitor action: 0x1166, 41156277
cycle monitor action: 0x1130, 41157333
cycle monitor action: 0x1130, 41521611
cycle monitor action: 0x1166, 41522293
cycle monitor action: 0x1130, 41523349
cycle monitor action: 0x1130, 41887627
cycle monitor action: 0x1166, 41888309
cycle monitor action: 0x1130, 41889365
cycle monitor action: 0x1130, 42253644
cycle monitor action: 0x1166, 42254326
cycle monitor action: 0x1130, 42255382
cycle monitor action: 0x1130, 42619660
cycle monitor action: 0x1166, 42620342
cycle monitor action: 0x1130, 42621398
cycle monitor action: 0x1130, 42985676
cycle monitor action: 0x1166, 42986358
cycle monitor action: 0x1130, 42987414
cycle monitor action: 0x1130, 43351692
cycle monitor action: 0x1166, 43352374
cycle monitor action: 0x1130, 43353430
cycle monitor action: 0x1130, 43717709
cycle monitor action: 0x1166, 43718391
cycle monitor action: 0x1130, 43719449
cycle monitor action: 0x1130, 43839714
cycle monitor action: 0x113e, 43840542
cycle monitor action: 0x1166, 43840654
cycle monitor action: 0x113e, 43841071
cycle monitor action: 0x1166, 43841340
cycle monitor action: 0x113e, 43841436
cycle monitor action: 0x1130, 43841666
cycle monitor action: 0x1130, 44083725
cycle monitor action: 0x1166, 44084478
cycle monitor action: 0x1130, 44085534
cycle monitor action: 0x1130, 44449741
cycle monitor action: 0x1166, 44450421
cycle monitor action: 0x1130, 44451477
cycle monitor action: 0x1130, 44815757
cycle monitor action: 0x1166, 44816437
cycle monitor action: 0x1130, 44817493
cycle monitor action: 0x1130, 45181773
cycle monitor action: 0x1166, 45182453
cycle monitor action: 0x1130, 45183509
cycle monitor action: 0x1130, 45547790
cycle monitor action: 0x1166, 45548470
cycle monitor action: 0x1130, 45549526
cycle monitor action: 0x1130, 45913806
cycle monitor action: 0x1166, 45914486
cycle monitor action: 0x1130, 45915542
cycle monitor action: 0x1130, 46279822
cycle monitor action: 0x1166, 46280502
cycle monitor action: 0x1130, 46281558
cycle monitor action: 0x1130, 46645838
cycle monitor action: 0x1166, 46646518
cycle monitor action: 0x1130, 46647574
cycle monitor action: 0x1130, 47011854
cycle monitor action: 0x1166, 47012534
cycle monitor action: 0x1130, 47013590
cycle monitor action: 0x1130, 47377871
cycle monitor action: 0x1166, 47378551
cycle monitor action: 0x1130, 47379607
cycle monitor action: 0x1130, 47743887
cycle monitor action: 0x1166, 47744771
cycle monitor action: 0x1130, 47745802
cycle monitor action: 0x113e, 47746178
cycle monitor action: 0x1166, 47746290
cycle monitor action: 0x113e, 47746707
cycle monitor action: 0x1166, 47746976
cycle monitor action: 0x113e, 47747072
cycle monitor action: 0x1130, 47747302
cycle monitor action: 0x1130, 48109903
cycle monitor action: 0x1166, 48110658
cycle monitor action: 0x1130, 48111714
cycle monitor action: 0x1130, 48475919
cycle monitor action: 0x1166, 48476601
cycle monitor action: 0x1130, 48477657
cycle monitor action: 0x1130, 48841936
cycle monitor action: 0x1166, 48842618
cycle monitor action: 0x1130, 48843674
cycle monitor action: 0x1130, 49207952
cycle monitor action: 0x1166, 49208911
cycle monitor action: 0x1130, 49209942
cycle monitor action: 0x1182, 49210318
cycle monitor action: 0x113e, 49218579
cycle monitor action: 0x1182, 49218890
cycle monitor action: 0x1182, 49219326
cycle monitor action: 0x1182, 49219649
cycle monitor action: 0x1130, 49219979
cycle monitor action: 0x113e, 49220834
cycle monitor action: 0x1182, 49220963
cycle monitor action: 0x113e, 49238317
cycle monitor action: 0x11f4, 49277663
cycle monitor action: 0x1166, 49286128
cycle monitor action: 0x1182, 49287413
cycle monitor action: 0x1166, 49289233
cycle monitor action: 0x11f4, 49289336
cycle monitor action: 0x1100, 49289596
log output: 12918725: 3: 4.05 | done
log output: 12921630: 3: query random values
cycle monitor action: 0x113e, 49316884
cycle monitor action: 0x1100, 49317195
cycle monitor action: 0x1182, 49317934
cycle monitor action: 0x1100, 49318257
cycle monitor action: 0x1130, 49318506
cycle monitor action: 0x113e, 49319361
cycle monitor action: 0x1100, 49319490
cycle monitor action: 0x113e, 49336354
log output: 12932925: 2: random_handler
cycle monitor action: 0x1130, 49573968
cycle monitor action: 0x1166, 49574723
cycle monitor action: 0x1130, 49575779
